Watching for file changes with StatReloader
"GET /prefix/about/ HTTP/1.1" 200 8
C:\Users\User\Desktop\django_study\myfirstdjangoproject\myapp\views.py changed, reloading.
Watching for file changes with StatReloader
C:\Users\User\Desktop\django_study\myfirstdjangoproject\myapp\views.py changed, reloading.
Watching for file changes with StatReloader
C:\Users\User\Desktop\django_study\myfirstdjangoproject\myapp\views.py changed, reloading.
Watching for file changes with StatReloader
C:\Users\User\Desktop\django_study\myfirstdjangoproject\myapp\views.py changed, reloading.
Watching for file changes with StatReloader
C:\Users\User\Desktop\django_study\myfirstdjangoproject\myapp\views.py changed, reloading.
Watching for file changes with StatReloader
C:\Users\User\Desktop\django_study\myfirstdjangoproject\myapp\views.py changed, reloading.
Watching for file changes with StatReloader
C:\Users\User\Desktop\django_study\myfirstdjangoproject\myapp\views.py changed, reloading.
Watching for file changes with StatReloader
C:\Users\User\Desktop\django_study\myfirstdjangoproject\myapp\views.py changed, reloading.
Watching for file changes with StatReloader
C:\Users\User\Desktop\django_study\myfirstdjangoproject\myapp\views.py changed, reloading.
Watching for file changes with StatReloader
C:\Users\User\Desktop\django_study\myfirstdjangoproject\myapp\views.py changed, reloading.
Watching for file changes with StatReloader
C:\Users\User\Desktop\django_study\myfirstdjangoproject\myapp\views.py changed, reloading.
Watching for file changes with StatReloader
C:\Users\User\Desktop\django_study\myfirstdjangoproject\myapp\views.py changed, reloading.
Watching for file changes with StatReloader
C:\Users\User\Desktop\django_study\myfirstdjangoproject\myapp\views.py changed, reloading.
Watching for file changes with StatReloader
C:\Users\User\Desktop\django_study\myfirstdjangoproject\myapp\views.py changed, reloading.
Watching for file changes with StatReloader
C:\Users\User\Desktop\django_study\myfirstdjangoproject\myapp\views.py changed, reloading.
Watching for file changes with StatReloader
C:\Users\User\Desktop\django_study\myfirstdjangoproject\myapp\views.py changed, reloading.
Watching for file changes with StatReloader
C:\Users\User\Desktop\django_study\myfirstdjangoproject\myapp\views.py changed, reloading.
Watching for file changes with StatReloader
C:\Users\User\Desktop\django_study\myfirstdjangoproject\myapp\views.py changed, reloading.
Watching for file changes with StatReloader
C:\Users\User\Desktop\django_study\myfirstdjangoproject\myapp\views.py changed, reloading.
Watching for file changes with StatReloader
C:\Users\User\Desktop\django_study\myfirstdjangoproject\myapp\views.py changed, reloading.
Watching for file changes with StatReloader
C:\Users\User\Desktop\django_study\myfirstdjangoproject\myapp\views.py changed, reloading.
Watching for file changes with StatReloader
C:\Users\User\Desktop\django_study\myfirstdjangoproject\myapp\views.py changed, reloading.
Watching for file changes with StatReloader
C:\Users\User\Desktop\django_study\myfirstdjangoproject\myapp\views.py changed, reloading.
Watching for file changes with StatReloader
C:\Users\User\Desktop\django_study\myfirstdjangoproject\myapp\views.py changed, reloading.
Watching for file changes with StatReloader
C:\Users\User\Desktop\django_study\myfirstdjangoproject\myapp\views.py changed, reloading.
Watching for file changes with StatReloader
C:\Users\User\Desktop\django_study\myfirstdjangoproject\myapp\views.py changed, reloading.
Watching for file changes with StatReloader
C:\Users\User\Desktop\django_study\myfirstdjangoproject\myapp\views.py changed, reloading.
Watching for file changes with StatReloader
C:\Users\User\Desktop\django_study\myfirstdjangoproject\myapp\views.py changed, reloading.
Watching for file changes with StatReloader
C:\Users\User\Desktop\django_study\myfirstdjangoproject\myapp\views.py changed, reloading.
Watching for file changes with StatReloader
C:\Users\User\Desktop\django_study\myfirstdjangoproject\myapp\views.py changed, reloading.
Watching for file changes with StatReloader
C:\Users\User\Desktop\django_study\myfirstdjangoproject\myapp\views.py changed, reloading.
Watching for file changes with StatReloader
C:\Users\User\Desktop\django_study\myfirstdjangoproject\myapp\views.py changed, reloading.
Watching for file changes with StatReloader
C:\Users\User\Desktop\django_study\myfirstdjangoproject\myapp\views.py changed, reloading.
Watching for file changes with StatReloader
C:\Users\User\Desktop\django_study\myfirstdjangoproject\myapp\views.py changed, reloading.
Watching for file changes with StatReloader
C:\Users\User\Desktop\django_study\myfirstdjangoproject\myapp\views.py changed, reloading.
Watching for file changes with StatReloader
C:\Users\User\Desktop\django_study\myfirstdjangoproject\myapp\views.py changed, reloading.
Watching for file changes with StatReloader
C:\Users\User\Desktop\django_study\myfirstdjangoproject\myapp\views.py changed, reloading.
Watching for file changes with StatReloader
C:\Users\User\Desktop\django_study\myfirstdjangoproject\myapp\views.py changed, reloading.
Watching for file changes with StatReloader
C:\Users\User\Desktop\django_study\myfirstdjangoproject\myapp\views.py changed, reloading.
Watching for file changes with StatReloader
C:\Users\User\Desktop\django_study\myfirstdjangoproject\myapp\views.py changed, reloading.
Watching for file changes with StatReloader
C:\Users\User\Desktop\django_study\myfirstdjangoproject\myapp\views.py changed, reloading.
Watching for file changes with StatReloader
C:\Users\User\Desktop\django_study\myfirstdjangoproject\myapp\views.py changed, reloading.
Watching for file changes with StatReloader
C:\Users\User\Desktop\django_study\myfirstdjangoproject\myapp\views.py changed, reloading.
Watching for file changes with StatReloader
C:\Users\User\Desktop\django_study\myfirstdjangoproject\myapp\views.py changed, reloading.
Watching for file changes with StatReloader
C:\Users\User\Desktop\django_study\myfirstdjangoproject\myapp\views.py changed, reloading.
Watching for file changes with StatReloader
C:\Users\User\Desktop\django_study\myfirstdjangoproject\myapp\views.py changed, reloading.
Watching for file changes with StatReloader
C:\Users\User\Desktop\django_study\myfirstdjangoproject\myapp\views.py changed, reloading.
Watching for file changes with StatReloader
C:\Users\User\Desktop\django_study\myfirstdjangoproject\myapp\views.py changed, reloading.
Watching for file changes with StatReloader
C:\Users\User\Desktop\django_study\myfirstdjangoproject\myapp\views.py changed, reloading.
Watching for file changes with StatReloader
C:\Users\User\Desktop\django_study\myfirstdjangoproject\myapp\views.py changed, reloading.
Watching for file changes with StatReloader
C:\Users\User\Desktop\django_study\myfirstdjangoproject\myapp\views.py changed, reloading.
Watching for file changes with StatReloader
C:\Users\User\Desktop\django_study\myfirstdjangoproject\myapp\views.py changed, reloading.
Watching for file changes with StatReloader
C:\Users\User\Desktop\django_study\myfirstdjangoproject\myapp\views.py changed, reloading.
Watching for file changes with StatReloader
C:\Users\User\Desktop\django_study\myfirstdjangoproject\myapp\views.py changed, reloading.
Watching for file changes with StatReloader
C:\Users\User\Desktop\django_study\myfirstdjangoproject\myapp\views.py changed, reloading.
Watching for file changes with StatReloader
C:\Users\User\Desktop\django_study\myfirstdjangoproject\myapp\views.py changed, reloading.
Watching for file changes with StatReloader
C:\Users\User\Desktop\django_study\myfirstdjangoproject\myapp\views.py changed, reloading.
Watching for file changes with StatReloader
C:\Users\User\Desktop\django_study\myfirstdjangoproject\myapp\views.py changed, reloading.
Watching for file changes with StatReloader
"GET /prefix/about/ HTTP/1.1" 200 26
"GET /prefix/ HTTP/1.1" 200 3
C:\Users\User\Desktop\django_study\myfirstdjangoproject\myfirstdjangoproject\settings.py changed, reloading.
Watching for file changes with StatReloader
C:\Users\User\Desktop\django_study\myfirstdjangoproject\myfirstdjangoproject\settings.py changed, reloading.
Watching for file changes with StatReloader
Error in about page: division by zero
Traceback (most recent call last):
  File "C:\Users\User\Desktop\django_study\myfirstdjangoproject\myapp\views.py", line 16, in about
    result = 1 / 0
             ~~^~~
ZeroDivisionError: division by zero
"GET /prefix/about/ HTTP/1.1" 200 26
C:\Users\User\Desktop\django_study\myfirstdjangoproject\myfirstdjangoproject\settings.py changed, reloading.
INFO 2023-10-14 17:57:18,535 autoreload 9540 8904 Watching for file changes with StatReloader
ERROR 2023-10-14 17:57:23,969 views 9540 10748 Error in about page: division by zero
Traceback (most recent call last):
  File "C:\Users\User\Desktop\django_study\myfirstdjangoproject\myapp\views.py", line 16, in about
    result = 1 / 0
             ~~^~~
ZeroDivisionError: division by zero
INFO 2023-10-14 17:57:23,971 basehttp 9540 10748 "GET /prefix/about/ HTTP/1.1" 200 26
INFO 2023-10-14 23:54:41,806 autoreload 8336 6288 Watching for file changes with StatReloader
INFO 2023-10-15 10:14:49,785 autoreload 15936 16160 Watching for file changes with StatReloader
WARNING 2023-10-15 10:14:53,136 log 15936 10144 Not Found: /
WARNING 2023-10-15 10:14:53,136 basehttp 15936 10144 "GET / HTTP/1.1" 404 2180
INFO 2023-10-15 10:15:37,458 basehttp 15936 10144 "GET /prefix HTTP/1.1" 301 0
INFO 2023-10-15 10:15:37,461 views 15936 14484 Index page accessed
INFO 2023-10-15 10:15:37,461 basehttp 15936 14484 "GET /prefix/ HTTP/1.1" 200 20
INFO 2023-10-15 10:15:49,302 autoreload 15936 16160 C:\Users\User\Desktop\django_study\myfirstdjangoproject\myapp\views.py changed, reloading.
INFO 2023-10-15 10:15:49,743 autoreload 15288 576 Watching for file changes with StatReloader
INFO 2023-10-15 10:15:51,907 autoreload 15288 576 C:\Users\User\Desktop\django_study\myfirstdjangoproject\myapp\views.py changed, reloading.
INFO 2023-10-15 10:15:52,352 autoreload 3836 16900 Watching for file changes with StatReloader
INFO 2023-10-15 10:16:18,901 autoreload 3836 16900 C:\Users\User\Desktop\django_study\myfirstdjangoproject\myapp\views.py changed, reloading.
INFO 2023-10-15 10:16:19,330 autoreload 5936 15228 Watching for file changes with StatReloader
INFO 2023-10-15 10:16:22,639 autoreload 5936 15228 C:\Users\User\Desktop\django_study\myfirstdjangoproject\myapp\views.py changed, reloading.
INFO 2023-10-15 10:16:23,144 autoreload 16908 8716 Watching for file changes with StatReloader
INFO 2023-10-15 10:16:24,282 autoreload 16908 8716 C:\Users\User\Desktop\django_study\myfirstdjangoproject\myapp\views.py changed, reloading.
INFO 2023-10-15 10:16:24,734 autoreload 16416 12988 Watching for file changes with StatReloader
INFO 2023-10-15 10:16:25,888 autoreload 16416 12988 C:\Users\User\Desktop\django_study\myfirstdjangoproject\myapp\views.py changed, reloading.
INFO 2023-10-15 10:16:26,311 autoreload 16128 12584 Watching for file changes with StatReloader
INFO 2023-10-15 10:16:29,489 autoreload 16128 12584 C:\Users\User\Desktop\django_study\myfirstdjangoproject\myapp\views.py changed, reloading.
INFO 2023-10-15 10:16:29,945 autoreload 6628 16428 Watching for file changes with StatReloader
INFO 2023-10-15 10:16:34,280 autoreload 6628 16428 C:\Users\User\Desktop\django_study\myfirstdjangoproject\myapp\views.py changed, reloading.
INFO 2023-10-15 10:16:34,720 autoreload 17136 3532 Watching for file changes with StatReloader
INFO 2023-10-15 10:16:36,877 autoreload 17136 3532 C:\Users\User\Desktop\django_study\myfirstdjangoproject\myapp\views.py changed, reloading.
INFO 2023-10-15 10:16:37,313 autoreload 14536 16052 Watching for file changes with StatReloader
INFO 2023-10-15 10:16:44,711 autoreload 14536 16052 C:\Users\User\Desktop\django_study\myfirstdjangoproject\myapp\views.py changed, reloading.
INFO 2023-10-15 10:16:45,264 autoreload 13608 8544 Watching for file changes with StatReloader
INFO 2023-10-15 10:16:47,726 views 13608 4088 Index page accessed
INFO 2023-10-15 10:16:47,727 basehttp 13608 4088 "GET /prefix/ HTTP/1.1" 200 20
INFO 2023-10-15 10:16:48,745 views 13608 4088 Index page accessed
INFO 2023-10-15 10:16:48,746 basehttp 13608 4088 "GET /prefix/ HTTP/1.1" 200 20
INFO 2023-10-15 10:16:48,980 views 13608 4088 Index page accessed
INFO 2023-10-15 10:16:48,980 basehttp 13608 4088 "GET /prefix/ HTTP/1.1" 200 20
INFO 2023-10-15 10:16:49,196 views 13608 4088 Index page accessed
INFO 2023-10-15 10:16:49,197 basehttp 13608 4088 "GET /prefix/ HTTP/1.1" 200 20
INFO 2023-10-15 10:17:06,105 views 13608 4088 About me page accessed
INFO 2023-10-15 10:17:06,106 basehttp 13608 4088 "GET /prefix/about/ HTTP/1.1" 200 19
INFO 2023-10-15 10:22:30,315 autoreload 13608 8544 C:\Users\User\Desktop\django_study\myfirstdjangoproject\myapp\views.py changed, reloading.
INFO 2023-10-15 10:22:30,768 autoreload 9688 8428 Watching for file changes with StatReloader
INFO 2023-10-15 10:22:34,091 autoreload 9688 8428 C:\Users\User\Desktop\django_study\myfirstdjangoproject\myapp\views.py changed, reloading.
INFO 2023-10-15 10:22:34,544 autoreload 2860 17316 Watching for file changes with StatReloader
INFO 2023-10-15 10:22:36,690 autoreload 2860 17316 C:\Users\User\Desktop\django_study\myfirstdjangoproject\myapp\views.py changed, reloading.
INFO 2023-10-15 10:22:37,109 autoreload 3160 15012 Watching for file changes with StatReloader
INFO 2023-10-15 10:22:39,253 autoreload 3160 15012 C:\Users\User\Desktop\django_study\myfirstdjangoproject\myapp\views.py changed, reloading.
INFO 2023-10-15 10:22:39,683 autoreload 3924 15624 Watching for file changes with StatReloader
INFO 2023-10-15 10:22:44,887 autoreload 3924 15624 C:\Users\User\Desktop\django_study\myfirstdjangoproject\myapp\views.py changed, reloading.
INFO 2023-10-15 10:22:45,309 autoreload 1572 17356 Watching for file changes with StatReloader
INFO 2023-10-15 10:22:50,505 autoreload 1572 17356 C:\Users\User\Desktop\django_study\myfirstdjangoproject\myapp\views.py changed, reloading.
INFO 2023-10-15 10:22:50,934 autoreload 4956 7632 Watching for file changes with StatReloader
INFO 2023-10-15 10:22:52,064 autoreload 4956 7632 C:\Users\User\Desktop\django_study\myfirstdjangoproject\myapp\views.py changed, reloading.
INFO 2023-10-15 10:22:52,510 autoreload 16588 13580 Watching for file changes with StatReloader
INFO 2023-10-15 10:22:54,652 autoreload 16588 13580 C:\Users\User\Desktop\django_study\myfirstdjangoproject\myapp\views.py changed, reloading.
INFO 2023-10-15 10:22:55,077 autoreload 14912 11460 Watching for file changes with StatReloader
INFO 2023-10-15 10:23:01,291 autoreload 14912 11460 C:\Users\User\Desktop\django_study\myfirstdjangoproject\myapp\views.py changed, reloading.
INFO 2023-10-15 10:23:01,716 autoreload 3936 7596 Watching for file changes with StatReloader
INFO 2023-10-15 10:23:04,882 autoreload 3936 7596 C:\Users\User\Desktop\django_study\myfirstdjangoproject\myapp\views.py changed, reloading.
INFO 2023-10-15 10:23:05,317 autoreload 17284 5744 Watching for file changes with StatReloader
INFO 2023-10-15 10:23:06,451 autoreload 17284 5744 C:\Users\User\Desktop\django_study\myfirstdjangoproject\myapp\views.py changed, reloading.
INFO 2023-10-15 10:23:06,874 autoreload 16884 5284 Watching for file changes with StatReloader
INFO 2023-10-15 10:23:08,001 autoreload 16884 5284 C:\Users\User\Desktop\django_study\myfirstdjangoproject\myapp\views.py changed, reloading.
INFO 2023-10-15 10:23:08,422 autoreload 14584 7988 Watching for file changes with StatReloader
INFO 2023-10-15 10:23:14,632 autoreload 14584 7988 C:\Users\User\Desktop\django_study\myfirstdjangoproject\myapp\views.py changed, reloading.
INFO 2023-10-15 10:23:15,071 autoreload 16576 6304 Watching for file changes with StatReloader
INFO 2023-10-15 10:23:17,221 autoreload 16576 6304 C:\Users\User\Desktop\django_study\myfirstdjangoproject\myapp\views.py changed, reloading.
INFO 2023-10-15 10:23:17,640 autoreload 1932 16328 Watching for file changes with StatReloader
INFO 2023-10-15 10:23:20,956 autoreload 1932 16328 C:\Users\User\Desktop\django_study\myfirstdjangoproject\myapp\views.py changed, reloading.
INFO 2023-10-15 10:23:21,388 autoreload 16924 1692 Watching for file changes with StatReloader
INFO 2023-10-15 10:23:22,662 autoreload 16924 1692 C:\Users\User\Desktop\django_study\myfirstdjangoproject\myapp\views.py changed, reloading.
INFO 2023-10-15 10:23:23,099 autoreload 17156 344 Watching for file changes with StatReloader
INFO 2023-10-15 10:23:25,253 autoreload 17156 344 C:\Users\User\Desktop\django_study\myfirstdjangoproject\myapp\views.py changed, reloading.
INFO 2023-10-15 10:23:25,682 autoreload 16100 16432 Watching for file changes with StatReloader
INFO 2023-10-15 10:23:26,816 autoreload 16100 16432 C:\Users\User\Desktop\django_study\myfirstdjangoproject\myapp\views.py changed, reloading.
INFO 2023-10-15 10:23:27,238 autoreload 3068 8884 Watching for file changes with StatReloader
INFO 2023-10-15 10:23:30,534 autoreload 3068 8884 C:\Users\User\Desktop\django_study\myfirstdjangoproject\myapp\views.py changed, reloading.
INFO 2023-10-15 10:23:30,961 autoreload 17068 12584 Watching for file changes with StatReloader
INFO 2023-10-15 10:23:39,367 autoreload 17068 12584 C:\Users\User\Desktop\django_study\myfirstdjangoproject\myapp\views.py changed, reloading.
INFO 2023-10-15 10:23:39,800 autoreload 16956 7672 Watching for file changes with StatReloader
INFO 2023-10-15 10:23:41,073 autoreload 16956 7672 C:\Users\User\Desktop\django_study\myfirstdjangoproject\myapp\views.py changed, reloading.
INFO 2023-10-15 10:23:41,522 autoreload 16404 15448 Watching for file changes with StatReloader
INFO 2023-10-15 10:23:47,547 views 16404 13896 Index page accessed
ERROR 2023-10-15 10:23:47,617 log 16404 13896 Internal Server Error: /prefix/
Traceback (most recent call last):
  File "C:\Users\User\Desktop\django_study\venv\Lib\site-packages\django\core\handlers\exception.py", line 55, in inner
    response = get_response(request)
               ^^^^^^^^^^^^^^^^^^^^^
  File "C:\Users\User\Desktop\django_study\venv\Lib\site-packages\django\core\handlers\base.py", line 197, in _get_response
    response = wrapped_callback(request, *callback_args, **callback_kwargs)
               ^^^^^^^^^^^^^^^^^^^^^^^^^^^^^^^^^^^^^^^^^^^^^^^^^^^^^^^^^^^^
  File "C:\Users\User\Desktop\django_study\myfirstdjangoproject\myapp\views.py", line 13, in index
    with open ('templates\index.html', 'r') as file:
         ^^^^^^^^^^^^^^^^^^^^^^^^^^^^^^^^^^
FileNotFoundError: [Errno 2] No such file or directory: 'templates\\index.html'
ERROR 2023-10-15 10:23:47,619 basehttp 16404 13896 "GET /prefix/ HTTP/1.1" 500 66609
INFO 2023-10-15 10:24:09,359 autoreload 16404 15448 C:\Users\User\Desktop\django_study\myfirstdjangoproject\myapp\views.py changed, reloading.
INFO 2023-10-15 10:24:09,790 autoreload 14200 14688 Watching for file changes with StatReloader
INFO 2023-10-15 10:24:11,070 autoreload 14200 14688 C:\Users\User\Desktop\django_study\myfirstdjangoproject\myapp\views.py changed, reloading.
INFO 2023-10-15 10:24:11,525 autoreload 16884 5060 Watching for file changes with StatReloader
INFO 2023-10-15 10:24:11,684 views 16884 14340 Index page accessed
ERROR 2023-10-15 10:24:11,726 log 16884 14340 Internal Server Error: /prefix/
Traceback (most recent call last):
  File "C:\Users\User\Desktop\django_study\venv\Lib\site-packages\django\core\handlers\exception.py", line 55, in inner
    response = get_response(request)
               ^^^^^^^^^^^^^^^^^^^^^
  File "C:\Users\User\Desktop\django_study\venv\Lib\site-packages\django\core\handlers\base.py", line 197, in _get_response
    response = wrapped_callback(request, *callback_args, **callback_kwargs)
               ^^^^^^^^^^^^^^^^^^^^^^^^^^^^^^^^^^^^^^^^^^^^^^^^^^^^^^^^^^^^
  File "C:\Users\User\Desktop\django_study\myfirstdjangoproject\myapp\views.py", line 13, in index
    with open ('.\templates\index.html', 'r') as file:
         ^^^^^^^^^^^^^^^^^^^^^^^^^^^^^^^^^^^^
OSError: [Errno 22] Invalid argument: '.\templates\\index.html'
ERROR 2023-10-15 10:24:11,727 basehttp 16884 14340 "GET /prefix/ HTTP/1.1" 500 66668
INFO 2023-10-15 10:24:42,056 views 16884 14340 About me page accessed
INFO 2023-10-15 10:24:42,057 basehttp 16884 14340 "GET /prefix/about/ HTTP/1.1" 200 19
INFO 2023-10-15 10:25:21,050 autoreload 16884 5060 C:\Users\User\Desktop\django_study\myfirstdjangoproject\myapp\views.py changed, reloading.
INFO 2023-10-15 10:25:21,521 autoreload 8248 16716 Watching for file changes with StatReloader
INFO 2023-10-15 10:25:27,117 views 8248 15608 About me page accessed
INFO 2023-10-15 10:25:27,118 basehttp 8248 15608 "GET /prefix/about/ HTTP/1.1" 200 19
INFO 2023-10-15 10:25:32,417 views 8248 15608 Index page accessed
ERROR 2023-10-15 10:25:32,463 log 8248 15608 Internal Server Error: /prefix/
Traceback (most recent call last):
  File "C:\Users\User\Desktop\django_study\venv\Lib\site-packages\django\core\handlers\exception.py", line 55, in inner
    response = get_response(request)
               ^^^^^^^^^^^^^^^^^^^^^
  File "C:\Users\User\Desktop\django_study\venv\Lib\site-packages\django\core\handlers\base.py", line 197, in _get_response
    response = wrapped_callback(request, *callback_args, **callback_kwargs)
               ^^^^^^^^^^^^^^^^^^^^^^^^^^^^^^^^^^^^^^^^^^^^^^^^^^^^^^^^^^^^
  File "C:\Users\User\Desktop\django_study\myfirstdjangoproject\myapp\views.py", line 13, in index
    with open ('.\\templates\index.html', 'r') as file:
         ^^^^^^^^^^^^^^^^^^^^^^^^^^^^^^^^^^^^^
FileNotFoundError: [Errno 2] No such file or directory: '.\\templates\\index.html'
ERROR 2023-10-15 10:25:32,464 basehttp 8248 15608 "GET /prefix/ HTTP/1.1" 500 66630
INFO 2023-10-15 10:26:33,290 autoreload 8248 16716 C:\Users\User\Desktop\django_study\myfirstdjangoproject\myapp\views.py changed, reloading.
INFO 2023-10-15 10:26:33,722 autoreload 17136 9832 Watching for file changes with StatReloader
INFO 2023-10-15 10:26:37,031 autoreload 17136 9832 C:\Users\User\Desktop\django_study\myfirstdjangoproject\myapp\views.py changed, reloading.
INFO 2023-10-15 10:26:37,454 autoreload 308 11376 Watching for file changes with StatReloader
INFO 2023-10-15 10:26:42,806 views 308 14760 Index page accessed
ERROR 2023-10-15 10:26:42,845 log 308 14760 Internal Server Error: /prefix/
Traceback (most recent call last):
  File "C:\Users\User\Desktop\django_study\venv\Lib\site-packages\django\core\handlers\exception.py", line 55, in inner
    response = get_response(request)
               ^^^^^^^^^^^^^^^^^^^^^
  File "C:\Users\User\Desktop\django_study\venv\Lib\site-packages\django\core\handlers\base.py", line 197, in _get_response
    response = wrapped_callback(request, *callback_args, **callback_kwargs)
               ^^^^^^^^^^^^^^^^^^^^^^^^^^^^^^^^^^^^^^^^^^^^^^^^^^^^^^^^^^^^
  File "C:\Users\User\Desktop\django_study\myfirstdjangoproject\myapp\views.py", line 13, in index
    with open ('templates\index.html', 'r') as file:
         ^^^^^^^^^^^^^^^^^^^^^^^^^^^^^^^^^^
FileNotFoundError: [Errno 2] No such file or directory: 'templates\\index.html'
ERROR 2023-10-15 10:26:42,847 basehttp 308 14760 "GET /prefix/ HTTP/1.1" 500 66746
INFO 2023-10-15 10:26:54,097 autoreload 308 11376 C:\Users\User\Desktop\django_study\myfirstdjangoproject\myapp\views.py changed, reloading.
INFO 2023-10-15 10:26:54,531 autoreload 16276 12088 Watching for file changes with StatReloader
INFO 2023-10-15 10:26:59,871 autoreload 16276 12088 C:\Users\User\Desktop\django_study\myfirstdjangoproject\myapp\views.py changed, reloading.
INFO 2023-10-15 10:27:00,333 autoreload 6680 2428 Watching for file changes with StatReloader
INFO 2023-10-15 10:27:01,831 views 6680 7380 Index page accessed
INFO 2023-10-15 10:27:01,837 basehttp 6680 7380 "GET /prefix/ HTTP/1.1" 200 72
INFO 2023-10-15 10:27:19,022 autoreload 6680 2428 C:\Users\User\Desktop\django_study\myfirstdjangoproject\myapp\views.py changed, reloading.
INFO 2023-10-15 10:27:19,491 autoreload 15384 14968 Watching for file changes with StatReloader
INFO 2023-10-15 10:27:20,169 views 15384 14028 Index page accessed
INFO 2023-10-15 10:27:20,170 basehttp 15384 14028 "GET /prefix/ HTTP/1.1" 200 153
INFO 2023-10-15 10:29:31,885 views 15384 14028 Index page accessed
INFO 2023-10-15 10:29:31,891 basehttp 15384 14028 "GET /prefix/ HTTP/1.1" 200 155
INFO 2023-10-15 10:29:33,483 views 15384 14028 Index page accessed
INFO 2023-10-15 10:29:33,484 basehttp 15384 14028 "GET /prefix/ HTTP/1.1" 200 155
INFO 2023-10-15 10:29:41,735 views 15384 14028 Index page accessed
INFO 2023-10-15 10:29:41,740 basehttp 15384 14028 "GET /prefix/ HTTP/1.1" 200 156
INFO 2023-10-15 10:29:42,640 views 15384 14028 Index page accessed
INFO 2023-10-15 10:29:42,641 basehttp 15384 14028 "GET /prefix/ HTTP/1.1" 200 156
INFO 2023-10-15 10:29:42,828 views 15384 14028 Index page accessed
INFO 2023-10-15 10:29:42,829 basehttp 15384 14028 "GET /prefix/ HTTP/1.1" 200 156
INFO 2023-10-15 10:29:43,055 views 15384 14028 Index page accessed
INFO 2023-10-15 10:29:43,056 basehttp 15384 14028 "GET /prefix/ HTTP/1.1" 200 156
INFO 2023-10-15 10:29:43,273 views 15384 14028 Index page accessed
INFO 2023-10-15 10:29:43,274 basehttp 15384 14028 "GET /prefix/ HTTP/1.1" 200 156
INFO 2023-10-15 10:29:43,497 views 15384 14028 Index page accessed
INFO 2023-10-15 10:29:43,497 basehttp 15384 14028 "GET /prefix/ HTTP/1.1" 200 156
INFO 2023-10-15 10:30:02,633 autoreload 15384 14968 C:\Users\User\Desktop\django_study\myfirstdjangoproject\myapp\views.py changed, reloading.
INFO 2023-10-15 10:30:03,070 autoreload 14572 9992 Watching for file changes with StatReloader
INFO 2023-10-15 10:30:04,344 autoreload 14572 9992 C:\Users\User\Desktop\django_study\myfirstdjangoproject\myapp\views.py changed, reloading.
INFO 2023-10-15 10:30:04,777 autoreload 2588 7060 Watching for file changes with StatReloader
INFO 2023-10-15 10:30:07,067 autoreload 2588 7060 C:\Users\User\Desktop\django_study\myfirstdjangoproject\myapp\views.py changed, reloading.
INFO 2023-10-15 10:30:07,496 autoreload 9804 9156 Watching for file changes with StatReloader
INFO 2023-10-15 10:30:09,774 autoreload 9804 9156 C:\Users\User\Desktop\django_study\myfirstdjangoproject\myapp\views.py changed, reloading.
INFO 2023-10-15 10:30:10,248 autoreload 17004 14360 Watching for file changes with StatReloader
INFO 2023-10-15 10:30:10,797 views 17004 16500 Index page accessed
INFO 2023-10-15 10:30:10,805 basehttp 17004 16500 "GET /prefix/ HTTP/1.1" 200 1346
WARNING 2023-10-15 10:30:10,831 basehttp 17004 16500 "GET /static/js/bootstrap.bundle.min.js HTTP/1.1" 404 1837
INFO 2023-10-15 10:30:25,782 autoreload 17004 14360 C:\Users\User\Desktop\django_study\myfirstdjangoproject\myapp\views.py changed, reloading.
INFO 2023-10-15 10:30:26,225 autoreload 16664 9036 Watching for file changes with StatReloader
INFO 2023-10-15 10:30:30,545 autoreload 16664 9036 C:\Users\User\Desktop\django_study\myfirstdjangoproject\myapp\views.py changed, reloading.
INFO 2023-10-15 10:30:31,009 autoreload 5348 2924 Watching for file changes with StatReloader
INFO 2023-10-15 10:30:33,311 autoreload 5348 2924 C:\Users\User\Desktop\django_study\myfirstdjangoproject\myapp\views.py changed, reloading.
INFO 2023-10-15 10:30:33,758 autoreload 8180 3724 Watching for file changes with StatReloader
INFO 2023-10-15 10:30:36,939 autoreload 8180 3724 C:\Users\User\Desktop\django_study\myfirstdjangoproject\myapp\views.py changed, reloading.
INFO 2023-10-15 10:30:37,381 autoreload 14568 14768 Watching for file changes with StatReloader
INFO 2023-10-15 10:30:38,393 views 14568 828 Index page accessed
INFO 2023-10-15 10:30:38,394 basehttp 14568 828 "GET /prefix/ HTTP/1.1" 200 138
INFO 2023-10-15 10:32:12,162 views 14568 828 Index page accessed
INFO 2023-10-15 10:32:12,168 basehttp 14568 828 "GET /prefix/ HTTP/1.1" 200 463
INFO 2023-10-15 10:33:44,408 views 14568 828 Index page accessed
INFO 2023-10-15 10:33:44,415 basehttp 14568 828 "GET /prefix/ HTTP/1.1" 200 1097
WARNING 2023-10-15 10:33:44,440 basehttp 14568 828 "GET /static/js/bootstrap.bundle.min.js HTTP/1.1" 404 1837
INFO 2023-10-15 10:34:18,057 views 14568 17016 Index page accessed
INFO 2023-10-15 10:34:18,064 basehttp 14568 17016 "GET /prefix/ HTTP/1.1" 200 988
WARNING 2023-10-15 10:34:18,086 basehttp 14568 17016 "GET /static/js/bootstrap.bundle.min.js HTTP/1.1" 404 1837
WARNING 2023-10-15 10:34:20,121 log 14568 15552 Not Found: /
WARNING 2023-10-15 10:34:20,123 basehttp 14568 15552 "GET / HTTP/1.1" 404 2180
WARNING 2023-10-15 10:34:27,576 log 14568 15552 Not Found: /students/
WARNING 2023-10-15 10:34:27,577 basehttp 14568 15552 "GET /students/ HTTP/1.1" 404 2225
WARNING 2023-10-15 10:34:58,728 log 14568 15552 Not Found: /students/
WARNING 2023-10-15 10:34:58,728 basehttp 14568 15552 "GET /students/ HTTP/1.1" 404 2225
WARNING 2023-10-15 10:35:03,253 log 14568 15552 Not Found: /
WARNING 2023-10-15 10:35:03,254 basehttp 14568 15552 "GET / HTTP/1.1" 404 2180
INFO 2023-10-15 10:35:10,317 views 14568 15552 Index page accessed
INFO 2023-10-15 10:35:10,323 basehttp 14568 15552 "GET /prefix/ HTTP/1.1" 200 997
WARNING 2023-10-15 10:35:10,347 basehttp 14568 15552 "GET /static/js/bootstrap.bundle.min.js HTTP/1.1" 404 1837
INFO 2023-10-15 10:35:11,997 views 14568 15124 Index page accessed
INFO 2023-10-15 10:35:11,997 basehttp 14568 15124 "GET /prefix/ HTTP/1.1" 200 997
WARNING 2023-10-15 10:35:12,021 basehttp 14568 15124 "GET /static/js/bootstrap.bundle.min.js HTTP/1.1" 404 1837
INFO 2023-10-15 10:35:13,185 basehttp 14568 4612 "GET /prefix/about HTTP/1.1" 301 0
INFO 2023-10-15 10:35:13,188 views 14568 16440 About me page accessed
INFO 2023-10-15 10:35:13,188 basehttp 14568 16440 "GET /prefix/about/ HTTP/1.1" 200 19
INFO 2023-10-15 10:36:48,132 autoreload 14568 14768 C:\Users\User\Desktop\django_study\myfirstdjangoproject\myapp\views.py changed, reloading.
INFO 2023-10-15 10:36:48,573 autoreload 15908 2540 Watching for file changes with StatReloader
INFO 2023-10-15 10:36:51,751 autoreload 15908 2540 C:\Users\User\Desktop\django_study\myfirstdjangoproject\myapp\views.py changed, reloading.
INFO 2023-10-15 10:36:52,186 autoreload 10636 5652 Watching for file changes with StatReloader
INFO 2023-10-15 10:36:55,342 autoreload 10636 5652 C:\Users\User\Desktop\django_study\myfirstdjangoproject\myapp\views.py changed, reloading.
INFO 2023-10-15 10:36:55,778 autoreload 8492 9672 Watching for file changes with StatReloader
INFO 2023-10-15 10:36:58,946 autoreload 8492 9672 C:\Users\User\Desktop\django_study\myfirstdjangoproject\myapp\views.py changed, reloading.
INFO 2023-10-15 10:36:59,374 autoreload 17360 576 Watching for file changes with StatReloader
INFO 2023-10-15 10:37:01,513 autoreload 17360 576 C:\Users\User\Desktop\django_study\myfirstdjangoproject\myapp\views.py changed, reloading.
INFO 2023-10-15 10:37:01,952 autoreload 5736 6036 Watching for file changes with StatReloader
INFO 2023-10-15 10:37:06,271 autoreload 5736 6036 C:\Users\User\Desktop\django_study\myfirstdjangoproject\myapp\views.py changed, reloading.
INFO 2023-10-15 10:37:06,695 autoreload 15944 15508 Watching for file changes with StatReloader
INFO 2023-10-15 10:37:07,973 autoreload 15944 15508 C:\Users\User\Desktop\django_study\myfirstdjangoproject\myapp\views.py changed, reloading.
INFO 2023-10-15 10:37:08,405 autoreload 13428 9904 Watching for file changes with StatReloader
INFO 2023-10-15 10:37:14,760 autoreload 13428 9904 C:\Users\User\Desktop\django_study\myfirstdjangoproject\myapp\views.py changed, reloading.
INFO 2023-10-15 10:37:15,190 autoreload 17280 14800 Watching for file changes with StatReloader
INFO 2023-10-15 10:37:23,248 views 17280 5824 About me page accessed
INFO 2023-10-15 10:37:23,249 basehttp 17280 5824 "GET /prefix/about/ HTTP/1.1" 200 19
INFO 2023-10-15 10:37:27,468 views 17280 5824 Index page accessed
ERROR 2023-10-15 10:37:27,522 log 17280 5824 Internal Server Error: /prefix/
Traceback (most recent call last):
  File "C:\Users\User\Desktop\django_study\venv\Lib\site-packages\django\core\handlers\exception.py", line 55, in inner
    response = get_response(request)
               ^^^^^^^^^^^^^^^^^^^^^
  File "C:\Users\User\Desktop\django_study\venv\Lib\site-packages\django\core\handlers\base.py", line 197, in _get_response
    response = wrapped_callback(request, *callback_args, **callback_kwargs)
               ^^^^^^^^^^^^^^^^^^^^^^^^^^^^^^^^^^^^^^^^^^^^^^^^^^^^^^^^^^^^
  File "C:\Users\User\Desktop\django_study\myfirstdjangoproject\myapp\views.py", line 16, in index
    return render(request,  'myapp\\templates\index.html')
           ^^^^^^^^^^^^^^^^^^^^^^^^^^^^^^^^^^^^^^^^^^^^^^^
  File "C:\Users\User\Desktop\django_study\venv\Lib\site-packages\django\shortcuts.py", line 24, in render
    content = loader.render_to_string(template_name, context, request, using=using)
              ^^^^^^^^^^^^^^^^^^^^^^^^^^^^^^^^^^^^^^^^^^^^^^^^^^^^^^^^^^^^^^^^^^^^^
  File "C:\Users\User\Desktop\django_study\venv\Lib\site-packages\django\template\loader.py", line 61, in render_to_string
    template = get_template(template_name, using=using)
               ^^^^^^^^^^^^^^^^^^^^^^^^^^^^^^^^^^^^^^^^
  File "C:\Users\User\Desktop\django_study\venv\Lib\site-packages\django\template\loader.py", line 19, in get_template
    raise TemplateDoesNotExist(template_name, chain=chain)
django.template.exceptions.TemplateDoesNotExist: myapp\templates\index.html
ERROR 2023-10-15 10:37:27,525 basehttp 17280 5824 "GET /prefix/ HTTP/1.1" 500 83817
INFO 2023-10-15 10:37:54,341 autoreload 17280 14800 C:\Users\User\Desktop\django_study\myfirstdjangoproject\myapp\views.py changed, reloading.
INFO 2023-10-15 10:37:54,819 autoreload 16620 10220 Watching for file changes with StatReloader
INFO 2023-10-15 10:37:55,367 views 16620 16100 Index page accessed
ERROR 2023-10-15 10:37:55,408 log 16620 16100 Internal Server Error: /prefix/
Traceback (most recent call last):
  File "C:\Users\User\Desktop\django_study\venv\Lib\site-packages\django\core\handlers\exception.py", line 55, in inner
    response = get_response(request)
               ^^^^^^^^^^^^^^^^^^^^^
  File "C:\Users\User\Desktop\django_study\venv\Lib\site-packages\django\core\handlers\base.py", line 197, in _get_response
    response = wrapped_callback(request, *callback_args, **callback_kwargs)
               ^^^^^^^^^^^^^^^^^^^^^^^^^^^^^^^^^^^^^^^^^^^^^^^^^^^^^^^^^^^^
  File "C:\Users\User\Desktop\django_study\myfirstdjangoproject\myapp\views.py", line 16, in index
    return render(request,  '.\\templates\index.html')
           ^^^^^^^^^^^^^^^^^^^^^^^^^^^^^^^^^^^^^^^^^^^
  File "C:\Users\User\Desktop\django_study\venv\Lib\site-packages\django\shortcuts.py", line 24, in render
    content = loader.render_to_string(template_name, context, request, using=using)
              ^^^^^^^^^^^^^^^^^^^^^^^^^^^^^^^^^^^^^^^^^^^^^^^^^^^^^^^^^^^^^^^^^^^^^
  File "C:\Users\User\Desktop\django_study\venv\Lib\site-packages\django\template\loader.py", line 61, in render_to_string
    template = get_template(template_name, using=using)
               ^^^^^^^^^^^^^^^^^^^^^^^^^^^^^^^^^^^^^^^^
  File "C:\Users\User\Desktop\django_study\venv\Lib\site-packages\django\template\loader.py", line 19, in get_template
    raise TemplateDoesNotExist(template_name, chain=chain)
django.template.exceptions.TemplateDoesNotExist: .\templates\index.html
ERROR 2023-10-15 10:37:55,410 basehttp 16620 16100 "GET /prefix/ HTTP/1.1" 500 83870
INFO 2023-10-15 10:37:57,125 views 16620 16100 Index page accessed
ERROR 2023-10-15 10:37:57,142 log 16620 16100 Internal Server Error: /prefix/
Traceback (most recent call last):
  File "C:\Users\User\Desktop\django_study\venv\Lib\site-packages\django\core\handlers\exception.py", line 55, in inner
    response = get_response(request)
               ^^^^^^^^^^^^^^^^^^^^^
  File "C:\Users\User\Desktop\django_study\venv\Lib\site-packages\django\core\handlers\base.py", line 197, in _get_response
    response = wrapped_callback(request, *callback_args, **callback_kwargs)
               ^^^^^^^^^^^^^^^^^^^^^^^^^^^^^^^^^^^^^^^^^^^^^^^^^^^^^^^^^^^^
  File "C:\Users\User\Desktop\django_study\myfirstdjangoproject\myapp\views.py", line 16, in index
    return render(request,  '.\\templates\index.html')
           ^^^^^^^^^^^^^^^^^^^^^^^^^^^^^^^^^^^^^^^^^^^
  File "C:\Users\User\Desktop\django_study\venv\Lib\site-packages\django\shortcuts.py", line 24, in render
    content = loader.render_to_string(template_name, context, request, using=using)
              ^^^^^^^^^^^^^^^^^^^^^^^^^^^^^^^^^^^^^^^^^^^^^^^^^^^^^^^^^^^^^^^^^^^^^
  File "C:\Users\User\Desktop\django_study\venv\Lib\site-packages\django\template\loader.py", line 61, in render_to_string
    template = get_template(template_name, using=using)
               ^^^^^^^^^^^^^^^^^^^^^^^^^^^^^^^^^^^^^^^^
  File "C:\Users\User\Desktop\django_study\venv\Lib\site-packages\django\template\loader.py", line 19, in get_template
    raise TemplateDoesNotExist(template_name, chain=chain)
django.template.exceptions.TemplateDoesNotExist: .\templates\index.html
ERROR 2023-10-15 10:37:57,144 basehttp 16620 16100 "GET /prefix/ HTTP/1.1" 500 83870
INFO 2023-10-15 10:37:58,218 views 16620 16100 Index page accessed
ERROR 2023-10-15 10:37:58,235 log 16620 16100 Internal Server Error: /prefix/
Traceback (most recent call last):
  File "C:\Users\User\Desktop\django_study\venv\Lib\site-packages\django\core\handlers\exception.py", line 55, in inner
    response = get_response(request)
               ^^^^^^^^^^^^^^^^^^^^^
  File "C:\Users\User\Desktop\django_study\venv\Lib\site-packages\django\core\handlers\base.py", line 197, in _get_response
    response = wrapped_callback(request, *callback_args, **callback_kwargs)
               ^^^^^^^^^^^^^^^^^^^^^^^^^^^^^^^^^^^^^^^^^^^^^^^^^^^^^^^^^^^^
  File "C:\Users\User\Desktop\django_study\myfirstdjangoproject\myapp\views.py", line 16, in index
    return render(request,  '.\\templates\index.html')
           ^^^^^^^^^^^^^^^^^^^^^^^^^^^^^^^^^^^^^^^^^^^
  File "C:\Users\User\Desktop\django_study\venv\Lib\site-packages\django\shortcuts.py", line 24, in render
    content = loader.render_to_string(template_name, context, request, using=using)
              ^^^^^^^^^^^^^^^^^^^^^^^^^^^^^^^^^^^^^^^^^^^^^^^^^^^^^^^^^^^^^^^^^^^^^
  File "C:\Users\User\Desktop\django_study\venv\Lib\site-packages\django\template\loader.py", line 61, in render_to_string
    template = get_template(template_name, using=using)
               ^^^^^^^^^^^^^^^^^^^^^^^^^^^^^^^^^^^^^^^^
  File "C:\Users\User\Desktop\django_study\venv\Lib\site-packages\django\template\loader.py", line 19, in get_template
    raise TemplateDoesNotExist(template_name, chain=chain)
django.template.exceptions.TemplateDoesNotExist: .\templates\index.html
ERROR 2023-10-15 10:37:58,237 basehttp 16620 16100 "GET /prefix/ HTTP/1.1" 500 83870
INFO 2023-10-15 10:37:59,182 views 16620 16100 Index page accessed
ERROR 2023-10-15 10:37:59,199 log 16620 16100 Internal Server Error: /prefix/
Traceback (most recent call last):
  File "C:\Users\User\Desktop\django_study\venv\Lib\site-packages\django\core\handlers\exception.py", line 55, in inner
    response = get_response(request)
               ^^^^^^^^^^^^^^^^^^^^^
  File "C:\Users\User\Desktop\django_study\venv\Lib\site-packages\django\core\handlers\base.py", line 197, in _get_response
    response = wrapped_callback(request, *callback_args, **callback_kwargs)
               ^^^^^^^^^^^^^^^^^^^^^^^^^^^^^^^^^^^^^^^^^^^^^^^^^^^^^^^^^^^^
  File "C:\Users\User\Desktop\django_study\myfirstdjangoproject\myapp\views.py", line 16, in index
    return render(request,  '.\\templates\index.html')
           ^^^^^^^^^^^^^^^^^^^^^^^^^^^^^^^^^^^^^^^^^^^
  File "C:\Users\User\Desktop\django_study\venv\Lib\site-packages\django\shortcuts.py", line 24, in render
    content = loader.render_to_string(template_name, context, request, using=using)
              ^^^^^^^^^^^^^^^^^^^^^^^^^^^^^^^^^^^^^^^^^^^^^^^^^^^^^^^^^^^^^^^^^^^^^
  File "C:\Users\User\Desktop\django_study\venv\Lib\site-packages\django\template\loader.py", line 61, in render_to_string
    template = get_template(template_name, using=using)
               ^^^^^^^^^^^^^^^^^^^^^^^^^^^^^^^^^^^^^^^^
  File "C:\Users\User\Desktop\django_study\venv\Lib\site-packages\django\template\loader.py", line 19, in get_template
    raise TemplateDoesNotExist(template_name, chain=chain)
django.template.exceptions.TemplateDoesNotExist: .\templates\index.html
ERROR 2023-10-15 10:37:59,201 basehttp 16620 16100 "GET /prefix/ HTTP/1.1" 500 83870
INFO 2023-10-15 10:38:18,506 autoreload 16620 10220 C:\Users\User\Desktop\django_study\myfirstdjangoproject\myapp\views.py changed, reloading.
INFO 2023-10-15 10:38:18,979 autoreload 15012 7776 Watching for file changes with StatReloader
INFO 2023-10-15 10:38:21,009 views 15012 10952 Index page accessed
ERROR 2023-10-15 10:38:21,050 log 15012 10952 Internal Server Error: /prefix/
Traceback (most recent call last):
  File "C:\Users\User\Desktop\django_study\venv\Lib\site-packages\django\core\handlers\exception.py", line 55, in inner
    response = get_response(request)
               ^^^^^^^^^^^^^^^^^^^^^
  File "C:\Users\User\Desktop\django_study\venv\Lib\site-packages\django\core\handlers\base.py", line 197, in _get_response
    response = wrapped_callback(request, *callback_args, **callback_kwargs)
               ^^^^^^^^^^^^^^^^^^^^^^^^^^^^^^^^^^^^^^^^^^^^^^^^^^^^^^^^^^^^
  File "C:\Users\User\Desktop\django_study\myfirstdjangoproject\myapp\views.py", line 16, in index
    return render(request,  'templates\index.html')
           ^^^^^^^^^^^^^^^^^^^^^^^^^^^^^^^^^^^^^^^^
  File "C:\Users\User\Desktop\django_study\venv\Lib\site-packages\django\shortcuts.py", line 24, in render
    content = loader.render_to_string(template_name, context, request, using=using)
              ^^^^^^^^^^^^^^^^^^^^^^^^^^^^^^^^^^^^^^^^^^^^^^^^^^^^^^^^^^^^^^^^^^^^^
  File "C:\Users\User\Desktop\django_study\venv\Lib\site-packages\django\template\loader.py", line 61, in render_to_string
    template = get_template(template_name, using=using)
               ^^^^^^^^^^^^^^^^^^^^^^^^^^^^^^^^^^^^^^^^
  File "C:\Users\User\Desktop\django_study\venv\Lib\site-packages\django\template\loader.py", line 19, in get_template
    raise TemplateDoesNotExist(template_name, chain=chain)
django.template.exceptions.TemplateDoesNotExist: templates\index.html
ERROR 2023-10-15 10:38:21,052 basehttp 15012 10952 "GET /prefix/ HTTP/1.1" 500 83837
INFO 2023-10-15 10:38:22,144 views 15012 10952 Index page accessed
ERROR 2023-10-15 10:38:22,160 log 15012 10952 Internal Server Error: /prefix/
Traceback (most recent call last):
  File "C:\Users\User\Desktop\django_study\venv\Lib\site-packages\django\core\handlers\exception.py", line 55, in inner
    response = get_response(request)
               ^^^^^^^^^^^^^^^^^^^^^
  File "C:\Users\User\Desktop\django_study\venv\Lib\site-packages\django\core\handlers\base.py", line 197, in _get_response
    response = wrapped_callback(request, *callback_args, **callback_kwargs)
               ^^^^^^^^^^^^^^^^^^^^^^^^^^^^^^^^^^^^^^^^^^^^^^^^^^^^^^^^^^^^
  File "C:\Users\User\Desktop\django_study\myfirstdjangoproject\myapp\views.py", line 16, in index
    return render(request,  'templates\index.html')
           ^^^^^^^^^^^^^^^^^^^^^^^^^^^^^^^^^^^^^^^^
  File "C:\Users\User\Desktop\django_study\venv\Lib\site-packages\django\shortcuts.py", line 24, in render
    content = loader.render_to_string(template_name, context, request, using=using)
              ^^^^^^^^^^^^^^^^^^^^^^^^^^^^^^^^^^^^^^^^^^^^^^^^^^^^^^^^^^^^^^^^^^^^^
  File "C:\Users\User\Desktop\django_study\venv\Lib\site-packages\django\template\loader.py", line 61, in render_to_string
    template = get_template(template_name, using=using)
               ^^^^^^^^^^^^^^^^^^^^^^^^^^^^^^^^^^^^^^^^
  File "C:\Users\User\Desktop\django_study\venv\Lib\site-packages\django\template\loader.py", line 19, in get_template
    raise TemplateDoesNotExist(template_name, chain=chain)
django.template.exceptions.TemplateDoesNotExist: templates\index.html
ERROR 2023-10-15 10:38:22,162 basehttp 15012 10952 "GET /prefix/ HTTP/1.1" 500 83837
INFO 2023-10-15 10:38:29,554 autoreload 15012 7776 C:\Users\User\Desktop\django_study\myfirstdjangoproject\myapp\views.py changed, reloading.
INFO 2023-10-15 10:38:30,020 autoreload 1972 14988 Watching for file changes with StatReloader
INFO 2023-10-15 10:38:30,393 views 1972 10636 Index page accessed
INFO 2023-10-15 10:38:30,398 basehttp 1972 10636 "GET /prefix/ HTTP/1.1" 200 997
WARNING 2023-10-15 10:38:30,424 basehttp 1972 10636 "GET /static/js/bootstrap.bundle.min.js HTTP/1.1" 404 1837
INFO 2023-10-15 10:38:32,764 views 1972 5644 Index page accessed
INFO 2023-10-15 10:38:32,764 basehttp 1972 5644 "GET /prefix/ HTTP/1.1" 200 997
WARNING 2023-10-15 10:38:32,788 basehttp 1972 5644 "GET /static/js/bootstrap.bundle.min.js HTTP/1.1" 404 1837
INFO 2023-10-15 10:38:41,002 views 1972 15688 About me page accessed
INFO 2023-10-15 10:38:41,003 basehttp 1972 15688 "GET /prefix/about/ HTTP/1.1" 200 19
INFO 2023-10-15 10:38:51,659 autoreload 1972 14988 C:\Users\User\Desktop\django_study\myfirstdjangoproject\myapp\views.py changed, reloading.
INFO 2023-10-15 10:38:52,104 autoreload 9500 9512 Watching for file changes with StatReloader
INFO 2023-10-15 10:38:54,257 autoreload 9500 9512 C:\Users\User\Desktop\django_study\myfirstdjangoproject\myapp\views.py changed, reloading.
INFO 2023-10-15 10:38:54,693 autoreload 7500 16632 Watching for file changes with StatReloader
INFO 2023-10-15 10:38:56,982 autoreload 7500 16632 C:\Users\User\Desktop\django_study\myfirstdjangoproject\myapp\views.py changed, reloading.
INFO 2023-10-15 10:38:57,414 autoreload 11804 8840 Watching for file changes with StatReloader
INFO 2023-10-15 10:39:03,770 autoreload 11804 8840 C:\Users\User\Desktop\django_study\myfirstdjangoproject\myapp\views.py changed, reloading.
INFO 2023-10-15 10:39:04,208 autoreload 3708 16796 Watching for file changes with StatReloader
INFO 2023-10-15 10:39:05,191 views 3708 10232 About me page accessed
INFO 2023-10-15 10:39:05,199 basehttp 3708 10232 "GET /prefix/about/ HTTP/1.1" 200 1090
WARNING 2023-10-15 10:39:05,231 basehttp 3708 16760 "GET /static/js/bootstrap.bundle.min.js HTTP/1.1" 404 1837
WARNING 2023-10-15 10:39:05,232 log 3708 10232 Not Found: /prefix/about/img/my_photo.jpg
WARNING 2023-10-15 10:39:05,232 basehttp 3708 10232 "GET /prefix/about/img/my_photo.jpg HTTP/1.1" 404 2520
INFO 2023-10-15 10:39:30,959 autoreload 3708 16796 C:\Users\User\Desktop\django_study\myfirstdjangoproject\myapp\views.py changed, reloading.
INFO 2023-10-15 10:39:31,402 autoreload 14348 14460 Watching for file changes with StatReloader
INFO 2023-10-15 10:40:11,609 views 14348 8428 About me page accessed
INFO 2023-10-15 10:40:11,619 basehttp 14348 8428 "GET /prefix/about/ HTTP/1.1" 200 1086
WARNING 2023-10-15 10:40:11,648 basehttp 14348 9904 "GET /static/js/bootstrap.bundle.min.js HTTP/1.1" 404 1837
WARNING 2023-10-15 10:40:11,649 log 14348 8428 Not Found: /prefix/about/my_photo.jpg
WARNING 2023-10-15 10:40:11,649 basehttp 14348 8428 "GET /prefix/about/my_photo.jpg HTTP/1.1" 404 2508
INFO 2023-10-15 10:40:12,371 views 14348 8428 About me page accessed
INFO 2023-10-15 10:40:12,372 basehttp 14348 8428 "GET /prefix/about/ HTTP/1.1" 200 1086
WARNING 2023-10-15 10:40:12,399 log 14348 8428 Not Found: /prefix/about/my_photo.jpg
WARNING 2023-10-15 10:40:12,399 basehttp 14348 1704 "GET /static/js/bootstrap.bundle.min.js HTTP/1.1" 404 1837
WARNING 2023-10-15 10:40:12,406 basehttp 14348 8428 "GET /prefix/about/my_photo.jpg HTTP/1.1" 404 2508
INFO 2023-10-15 10:40:12,729 views 14348 8428 About me page accessed
INFO 2023-10-15 10:40:12,730 basehttp 14348 8428 "GET /prefix/about/ HTTP/1.1" 200 1086
WARNING 2023-10-15 10:40:12,755 basehttp 14348 14464 "GET /static/js/bootstrap.bundle.min.js HTTP/1.1" 404 1837
WARNING 2023-10-15 10:40:12,756 log 14348 8428 Not Found: /prefix/about/my_photo.jpg
WARNING 2023-10-15 10:40:12,756 basehttp 14348 8428 "GET /prefix/about/my_photo.jpg HTTP/1.1" 404 2508
INFO 2023-10-15 10:40:22,777 views 14348 8428 About me page accessed
INFO 2023-10-15 10:40:22,783 basehttp 14348 8428 "GET /prefix/about/ HTTP/1.1" 200 1084
WARNING 2023-10-15 10:40:22,808 basehttp 14348 15316 "GET /static/js/bootstrap.bundle.min.js HTTP/1.1" 404 1837
WARNING 2023-10-15 10:40:22,809 log 14348 8428 Not Found: /prefix/about/my_photo.jpg
WARNING 2023-10-15 10:40:22,810 basehttp 14348 8428 "GET /prefix/about/my_photo.jpg HTTP/1.1" 404 2508
INFO 2023-10-15 10:40:23,467 views 14348 8428 About me page accessed
INFO 2023-10-15 10:40:23,469 basehttp 14348 8428 "GET /prefix/about/ HTTP/1.1" 200 1084
WARNING 2023-10-15 10:40:23,495 basehttp 14348 9832 "GET /static/js/bootstrap.bundle.min.js HTTP/1.1" 404 1837
WARNING 2023-10-15 10:40:23,495 log 14348 8428 Not Found: /prefix/about/my_photo.jpg
WARNING 2023-10-15 10:40:23,496 basehttp 14348 8428 "GET /prefix/about/my_photo.jpg HTTP/1.1" 404 2508
INFO 2023-10-15 10:40:23,670 views 14348 8428 About me page accessed
INFO 2023-10-15 10:40:23,671 basehttp 14348 8428 "GET /prefix/about/ HTTP/1.1" 200 1084
WARNING 2023-10-15 10:40:23,697 basehttp 14348 7912 "GET /static/js/bootstrap.bundle.min.js HTTP/1.1" 404 1837
WARNING 2023-10-15 10:40:23,697 log 14348 8428 Not Found: /prefix/about/my_photo.jpg
WARNING 2023-10-15 10:40:23,698 basehttp 14348 8428 "GET /prefix/about/my_photo.jpg HTTP/1.1" 404 2508
INFO 2023-10-15 10:40:23,891 views 14348 8428 About me page accessed
INFO 2023-10-15 10:40:23,892 basehttp 14348 8428 "GET /prefix/about/ HTTP/1.1" 200 1084
WARNING 2023-10-15 10:40:23,918 log 14348 8428 Not Found: /prefix/about/my_photo.jpg
WARNING 2023-10-15 10:40:23,918 basehttp 14348 5536 "GET /static/js/bootstrap.bundle.min.js HTTP/1.1" 404 1837
WARNING 2023-10-15 10:40:23,918 basehttp 14348 8428 "GET /prefix/about/my_photo.jpg HTTP/1.1" 404 2508
WARNING 2023-10-15 10:41:59,888 log 14348 8428 Not Found: /
WARNING 2023-10-15 10:41:59,889 basehttp 14348 8428 "GET / HTTP/1.1" 404 2180
INFO 2023-10-15 10:42:11,600 autoreload 14348 14460 C:\Users\User\Desktop\django_study\myfirstdjangoproject\myapp\views.py changed, reloading.
INFO 2023-10-15 10:42:12,040 autoreload 15308 17028 Watching for file changes with StatReloader
INFO 2023-10-15 10:42:19,421 autoreload 15308 17028 C:\Users\User\Desktop\django_study\myfirstdjangoproject\myapp\views.py changed, reloading.
INFO 2023-10-15 10:42:19,880 autoreload 308 15484 Watching for file changes with StatReloader
INFO 2023-10-15 10:42:45,140 views 308 15196 Index page accessed
INFO 2023-10-15 10:42:45,150 basehttp 308 15196 "GET /prefix/ HTTP/1.1" 200 995
WARNING 2023-10-15 10:42:45,177 basehttp 308 15196 "GET /static/js/bootstrap.bundle.min.js HTTP/1.1" 404 1837
INFO 2023-10-15 10:43:26,606 views 308 6776 Index page accessed
INFO 2023-10-15 10:43:26,614 basehttp 308 6776 "GET /prefix/ HTTP/1.1" 200 1004
WARNING 2023-10-15 10:43:26,637 basehttp 308 6776 "GET /static/js/bootstrap.bundle.min.js HTTP/1.1" 404 1837
INFO 2023-10-15 10:43:28,015 views 308 8420 Index page accessed
INFO 2023-10-15 10:43:28,016 basehttp 308 8420 "GET /prefix/ HTTP/1.1" 200 1004
WARNING 2023-10-15 10:43:28,039 basehttp 308 8420 "GET /static/js/bootstrap.bundle.min.js HTTP/1.1" 404 1837
INFO 2023-10-15 10:43:29,166 views 308 1568 About me page accessed
INFO 2023-10-15 10:43:29,167 basehttp 308 1568 "GET /prefix/about/ HTTP/1.1" 200 1093
WARNING 2023-10-15 10:43:29,208 log 308 1568 Not Found: /prefix/about/my_photo.jpg
WARNING 2023-10-15 10:43:29,209 basehttp 308 1568 "GET /prefix/about/my_photo.jpg HTTP/1.1" 404 2508
WARNING 2023-10-15 10:43:29,210 basehttp 308 15332 "GET /static/js/bootstrap.bundle.min.js HTTP/1.1" 404 1837
INFO 2023-10-15 10:46:29,646 views 308 1568 About me page accessed
INFO 2023-10-15 10:46:29,660 basehttp 308 1568 "GET /prefix/about/ HTTP/1.1" 200 1095
WARNING 2023-10-15 10:46:29,686 log 308 1568 Not Found: /img/my_photo.
WARNING 2023-10-15 10:46:29,687 basehttp 308 1568 "GET /img/my_photo. HTTP/1.1" 404 2237
WARNING 2023-10-15 10:46:29,687 basehttp 308 6444 "GET /static/js/bootstrap.bundle.min.js HTTP/1.1" 404 1837
INFO 2023-10-15 10:46:30,427 views 308 1568 About me page accessed
INFO 2023-10-15 10:46:30,428 basehttp 308 1568 "GET /prefix/about/ HTTP/1.1" 200 1095
WARNING 2023-10-15 10:46:30,453 basehttp 308 16064 "GET /static/js/bootstrap.bundle.min.js HTTP/1.1" 404 1837
WARNING 2023-10-15 10:46:30,453 log 308 1568 Not Found: /img/my_photo.
WARNING 2023-10-15 10:46:30,454 basehttp 308 1568 "GET /img/my_photo. HTTP/1.1" 404 2237
INFO 2023-10-15 10:46:30,636 views 308 1568 About me page accessed
INFO 2023-10-15 10:46:30,637 basehttp 308 1568 "GET /prefix/about/ HTTP/1.1" 200 1095
WARNING 2023-10-15 10:46:30,664 basehttp 308 5732 "GET /static/js/bootstrap.bundle.min.js HTTP/1.1" 404 1837
WARNING 2023-10-15 10:46:30,664 log 308 1568 Not Found: /img/my_photo.
WARNING 2023-10-15 10:46:30,665 basehttp 308 1568 "GET /img/my_photo. HTTP/1.1" 404 2237
INFO 2023-10-15 10:46:30,855 views 308 1568 About me page accessed
INFO 2023-10-15 10:46:30,856 basehttp 308 1568 "GET /prefix/about/ HTTP/1.1" 200 1095
WARNING 2023-10-15 10:46:30,880 log 308 1568 Not Found: /img/my_photo.
WARNING 2023-10-15 10:46:30,880 basehttp 308 10380 "GET /static/js/bootstrap.bundle.min.js HTTP/1.1" 404 1837
WARNING 2023-10-15 10:46:30,881 basehttp 308 1568 "GET /img/my_photo. HTTP/1.1" 404 2237
INFO 2023-10-15 10:46:31,079 views 308 1568 About me page accessed
INFO 2023-10-15 10:46:31,079 basehttp 308 1568 "GET /prefix/about/ HTTP/1.1" 200 1095
WARNING 2023-10-15 10:46:31,105 basehttp 308 9752 "GET /static/js/bootstrap.bundle.min.js HTTP/1.1" 404 1837
WARNING 2023-10-15 10:46:31,106 log 308 1568 Not Found: /img/my_photo.
WARNING 2023-10-15 10:46:31,107 basehttp 308 1568 "GET /img/my_photo. HTTP/1.1" 404 2237
INFO 2023-10-15 10:47:03,523 views 308 1568 About me page accessed
INFO 2023-10-15 10:47:03,530 basehttp 308 1568 "GET /prefix/about/ HTTP/1.1" 200 1097
WARNING 2023-10-15 10:47:03,555 log 308 1568 Not Found: /prefix/img/my_photo.
WARNING 2023-10-15 10:47:03,555 basehttp 308 1568 "GET /prefix/img/my_photo. HTTP/1.1" 404 2493
WARNING 2023-10-15 10:47:03,557 basehttp 308 16076 "GET /static/js/bootstrap.bundle.min.js HTTP/1.1" 404 1837
INFO 2023-10-15 10:47:04,333 views 308 1568 About me page accessed
INFO 2023-10-15 10:47:04,334 basehttp 308 1568 "GET /prefix/about/ HTTP/1.1" 200 1097
WARNING 2023-10-15 10:47:04,359 log 308 1568 Not Found: /prefix/img/my_photo.
WARNING 2023-10-15 10:47:04,360 basehttp 308 7108 "GET /static/js/bootstrap.bundle.min.js HTTP/1.1" 404 1837
WARNING 2023-10-15 10:47:04,360 basehttp 308 1568 "GET /prefix/img/my_photo. HTTP/1.1" 404 2493
INFO 2023-10-15 10:47:10,521 views 308 1568 About me page accessed
INFO 2023-10-15 10:47:10,528 basehttp 308 1568 "GET /prefix/about/ HTTP/1.1" 200 1093
WARNING 2023-10-15 10:47:10,552 log 308 1568 Not Found: /prefix/my_photo.
WARNING 2023-10-15 10:47:10,553 basehttp 308 5844 "GET /static/js/bootstrap.bundle.min.js HTTP/1.1" 404 1837
WARNING 2023-10-15 10:47:10,553 basehttp 308 1568 "GET /prefix/my_photo. HTTP/1.1" 404 2481
INFO 2023-10-15 10:47:25,055 views 308 1568 About me page accessed
INFO 2023-10-15 10:47:25,063 basehttp 308 1568 "GET /prefix/about/ HTTP/1.1" 200 1090
WARNING 2023-10-15 10:47:25,090 log 308 1568 Not Found: /prefix/about/my_photo.
WARNING 2023-10-15 10:47:25,090 basehttp 308 17196 "GET /static/js/bootstrap.bundle.min.js HTTP/1.1" 404 1837
WARNING 2023-10-15 10:47:25,090 basehttp 308 1568 "GET /prefix/about/my_photo. HTTP/1.1" 404 2499
INFO 2023-10-15 10:47:35,322 views 308 1568 About me page accessed
INFO 2023-10-15 10:47:35,323 basehttp 308 1568 "GET /prefix/about/ HTTP/1.1" 200 1090
WARNING 2023-10-15 10:47:35,353 log 308 1568 Not Found: /prefix/about/my_photo.
WARNING 2023-10-15 10:47:35,353 basehttp 308 4724 "GET /static/js/bootstrap.bundle.min.js HTTP/1.1" 404 1837
WARNING 2023-10-15 10:47:35,354 basehttp 308 1568 "GET /prefix/about/my_photo. HTTP/1.1" 404 2499
INFO 2023-10-15 10:47:36,117 views 308 1568 About me page accessed
INFO 2023-10-15 10:47:36,118 basehttp 308 1568 "GET /prefix/about/ HTTP/1.1" 200 1090
WARNING 2023-10-15 10:47:36,143 log 308 1568 Not Found: /prefix/about/my_photo.
WARNING 2023-10-15 10:47:36,144 basehttp 308 15232 "GET /static/js/bootstrap.bundle.min.js HTTP/1.1" 404 1837
WARNING 2023-10-15 10:47:36,144 basehttp 308 1568 "GET /prefix/about/my_photo. HTTP/1.1" 404 2499
INFO 2023-10-15 10:47:36,865 views 308 1568 About me page accessed
INFO 2023-10-15 10:47:36,866 basehttp 308 1568 "GET /prefix/about/ HTTP/1.1" 200 1090
WARNING 2023-10-15 10:47:36,889 log 308 1568 Not Found: /prefix/about/my_photo.
WARNING 2023-10-15 10:47:36,889 basehttp 308 1568 "GET /prefix/about/my_photo. HTTP/1.1" 404 2499
WARNING 2023-10-15 10:47:36,891 basehttp 308 16528 "GET /static/js/bootstrap.bundle.min.js HTTP/1.1" 404 1837
INFO 2023-10-15 10:47:37,131 views 308 1568 About me page accessed
INFO 2023-10-15 10:47:37,132 basehttp 308 1568 "GET /prefix/about/ HTTP/1.1" 200 1090
WARNING 2023-10-15 10:47:37,158 log 308 1568 Not Found: /prefix/about/my_photo.
WARNING 2023-10-15 10:47:37,158 basehttp 308 17136 "GET /static/js/bootstrap.bundle.min.js HTTP/1.1" 404 1837
WARNING 2023-10-15 10:47:37,159 basehttp 308 1568 "GET /prefix/about/my_photo. HTTP/1.1" 404 2499
INFO 2023-10-15 10:47:37,342 views 308 1568 About me page accessed
INFO 2023-10-15 10:47:37,342 basehttp 308 1568 "GET /prefix/about/ HTTP/1.1" 200 1090
WARNING 2023-10-15 10:47:37,369 basehttp 308 2120 "GET /static/js/bootstrap.bundle.min.js HTTP/1.1" 404 1837
WARNING 2023-10-15 10:47:37,369 log 308 1568 Not Found: /prefix/about/my_photo.
WARNING 2023-10-15 10:47:37,370 basehttp 308 1568 "GET /prefix/about/my_photo. HTTP/1.1" 404 2499
INFO 2023-10-15 10:47:37,552 views 308 1568 About me page accessed
INFO 2023-10-15 10:47:37,553 basehttp 308 1568 "GET /prefix/about/ HTTP/1.1" 200 1090
WARNING 2023-10-15 10:47:37,578 log 308 1568 Not Found: /prefix/about/my_photo.
WARNING 2023-10-15 10:47:37,578 basehttp 308 1568 "GET /prefix/about/my_photo. HTTP/1.1" 404 2499
WARNING 2023-10-15 10:47:37,578 basehttp 308 17244 "GET /static/js/bootstrap.bundle.min.js HTTP/1.1" 404 1837
INFO 2023-10-15 10:47:37,773 views 308 1568 About me page accessed
INFO 2023-10-15 10:47:37,774 basehttp 308 1568 "GET /prefix/about/ HTTP/1.1" 200 1090
WARNING 2023-10-15 10:47:37,799 basehttp 308 16148 "GET /static/js/bootstrap.bundle.min.js HTTP/1.1" 404 1837
WARNING 2023-10-15 10:47:37,800 log 308 1568 Not Found: /prefix/about/my_photo.
WARNING 2023-10-15 10:47:37,800 basehttp 308 1568 "GET /prefix/about/my_photo. HTTP/1.1" 404 2499
INFO 2023-10-15 10:47:47,473 views 308 1568 About me page accessed
INFO 2023-10-15 10:47:47,476 basehttp 308 1568 "GET /prefix/about/ HTTP/1.1" 200 1093
WARNING 2023-10-15 10:47:47,503 basehttp 308 14216 "GET /static/js/bootstrap.bundle.min.js HTTP/1.1" 404 1837
WARNING 2023-10-15 10:47:47,503 log 308 1568 Not Found: /prefix/about/my_photo.jpg
WARNING 2023-10-15 10:47:47,504 basehttp 308 1568 "GET /prefix/about/my_photo.jpg HTTP/1.1" 404 2508
INFO 2023-10-15 10:47:48,320 views 308 1568 About me page accessed
INFO 2023-10-15 10:47:48,321 basehttp 308 1568 "GET /prefix/about/ HTTP/1.1" 200 1093
WARNING 2023-10-15 10:47:48,346 basehttp 308 12132 "GET /static/js/bootstrap.bundle.min.js HTTP/1.1" 404 1837
WARNING 2023-10-15 10:47:48,347 log 308 1568 Not Found: /prefix/about/my_photo.jpg
WARNING 2023-10-15 10:47:48,347 basehttp 308 1568 "GET /prefix/about/my_photo.jpg HTTP/1.1" 404 2508
INFO 2023-10-15 10:47:49,530 views 308 1568 About me page accessed
INFO 2023-10-15 10:47:49,530 basehttp 308 1568 "GET /prefix/about/ HTTP/1.1" 200 1093
WARNING 2023-10-15 10:47:49,558 basehttp 308 6476 "GET /static/js/bootstrap.bundle.min.js HTTP/1.1" 404 1837
WARNING 2023-10-15 10:47:49,559 log 308 1568 Not Found: /prefix/about/my_photo.jpg
WARNING 2023-10-15 10:47:49,559 basehttp 308 1568 "GET /prefix/about/my_photo.jpg HTTP/1.1" 404 2508
INFO 2023-10-15 10:47:49,748 views 308 1568 About me page accessed
INFO 2023-10-15 10:47:49,749 basehttp 308 1568 "GET /prefix/about/ HTTP/1.1" 200 1093
WARNING 2023-10-15 10:47:49,775 basehttp 308 13884 "GET /static/js/bootstrap.bundle.min.js HTTP/1.1" 404 1837
WARNING 2023-10-15 10:47:49,775 log 308 1568 Not Found: /prefix/about/my_photo.jpg
WARNING 2023-10-15 10:47:49,775 basehttp 308 1568 "GET /prefix/about/my_photo.jpg HTTP/1.1" 404 2508
INFO 2023-10-15 10:47:49,982 views 308 1568 About me page accessed
INFO 2023-10-15 10:47:49,983 basehttp 308 1568 "GET /prefix/about/ HTTP/1.1" 200 1093
WARNING 2023-10-15 10:47:50,011 log 308 1568 Not Found: /prefix/about/my_photo.jpg
WARNING 2023-10-15 10:47:50,011 basehttp 308 4500 "GET /static/js/bootstrap.bundle.min.js HTTP/1.1" 404 1837
WARNING 2023-10-15 10:47:50,012 basehttp 308 1568 "GET /prefix/about/my_photo.jpg HTTP/1.1" 404 2508
INFO 2023-10-15 10:47:50,210 views 308 1568 About me page accessed
INFO 2023-10-15 10:47:50,211 basehttp 308 1568 "GET /prefix/about/ HTTP/1.1" 200 1093
WARNING 2023-10-15 10:47:50,236 log 308 1568 Not Found: /prefix/about/my_photo.jpg
WARNING 2023-10-15 10:47:50,236 basehttp 308 15616 "GET /static/js/bootstrap.bundle.min.js HTTP/1.1" 404 1837
WARNING 2023-10-15 10:47:50,237 basehttp 308 1568 "GET /prefix/about/my_photo.jpg HTTP/1.1" 404 2508
INFO 2023-10-15 10:48:35,934 autoreload 308 15484 C:\Users\User\Desktop\django_study\myfirstdjangoproject\myapp\urls.py changed, reloading.
INFO 2023-10-15 10:48:36,388 autoreload 4540 12856 Watching for file changes with StatReloader
INFO 2023-10-15 10:48:39,550 autoreload 4540 12856 C:\Users\User\Desktop\django_study\myfirstdjangoproject\myapp\urls.py changed, reloading.
INFO 2023-10-15 10:48:39,987 autoreload 14852 16060 Watching for file changes with StatReloader
INFO 2023-10-15 10:48:42,143 autoreload 14852 16060 C:\Users\User\Desktop\django_study\myfirstdjangoproject\myapp\urls.py changed, reloading.
INFO 2023-10-15 10:48:42,572 autoreload 7036 16644 Watching for file changes with StatReloader
INFO 2023-10-15 10:48:44,723 autoreload 7036 16644 C:\Users\User\Desktop\django_study\myfirstdjangoproject\myapp\urls.py changed, reloading.
INFO 2023-10-15 10:48:45,151 autoreload 11720 15256 Watching for file changes with StatReloader
INFO 2023-10-15 10:49:36,059 autoreload 11720 15256 C:\Users\User\Desktop\django_study\myfirstdjangoproject\myapp\urls.py changed, reloading.
INFO 2023-10-15 10:49:36,496 autoreload 5860 14924 Watching for file changes with StatReloader
INFO 2023-10-15 10:49:41,696 autoreload 5860 14924 C:\Users\User\Desktop\django_study\myfirstdjangoproject\myapp\urls.py changed, reloading.
INFO 2023-10-15 10:49:42,144 autoreload 15208 17028 Watching for file changes with StatReloader
INFO 2023-10-15 10:49:43,273 autoreload 15208 17028 C:\Users\User\Desktop\django_study\myfirstdjangoproject\myapp\urls.py changed, reloading.
INFO 2023-10-15 10:49:43,690 autoreload 2036 15128 Watching for file changes with StatReloader
INFO 2023-10-15 10:49:49,892 autoreload 2036 15128 C:\Users\User\Desktop\django_study\myfirstdjangoproject\myapp\urls.py changed, reloading.
INFO 2023-10-15 10:49:50,316 autoreload 2412 12272 Watching for file changes with StatReloader
INFO 2023-10-15 10:49:53,488 autoreload 2412 12272 C:\Users\User\Desktop\django_study\myfirstdjangoproject\myapp\urls.py changed, reloading.
INFO 2023-10-15 10:49:53,926 autoreload 9008 5444 Watching for file changes with StatReloader
INFO 2023-10-15 10:49:55,060 autoreload 9008 5444 C:\Users\User\Desktop\django_study\myfirstdjangoproject\myapp\urls.py changed, reloading.
INFO 2023-10-15 10:49:55,494 autoreload 13428 17388 Watching for file changes with StatReloader
INFO 2023-10-15 10:50:14,912 autoreload 13428 17388 C:\Users\User\Desktop\django_study\myfirstdjangoproject\myapp\urls.py changed, reloading.
INFO 2023-10-15 10:50:15,342 autoreload 4272 10296 Watching for file changes with StatReloader
INFO 2023-10-15 10:50:17,482 autoreload 4272 10296 C:\Users\User\Desktop\django_study\myfirstdjangoproject\myapp\urls.py changed, reloading.
INFO 2023-10-15 10:50:17,913 autoreload 1616 14660 Watching for file changes with StatReloader
INFO 2023-10-15 10:50:19,047 autoreload 1616 14660 C:\Users\User\Desktop\django_study\myfirstdjangoproject\myapp\urls.py changed, reloading.
INFO 2023-10-15 10:50:19,476 autoreload 16452 15248 Watching for file changes with StatReloader
INFO 2023-10-15 10:50:22,640 autoreload 16452 15248 C:\Users\User\Desktop\django_study\myfirstdjangoproject\myapp\urls.py changed, reloading.
INFO 2023-10-15 10:50:23,061 autoreload 16300 16020 Watching for file changes with StatReloader
INFO 2023-10-15 11:09:53,190 autoreload 16300 16020 C:\Users\User\Desktop\django_study\myfirstdjangoproject\myapp\urls.py changed, reloading.
INFO 2023-10-15 11:09:53,625 autoreload 14120 1392 Watching for file changes with StatReloader
INFO 2023-10-15 11:09:57,800 autoreload 14120 1392 C:\Users\User\Desktop\django_study\myfirstdjangoproject\myapp\urls.py changed, reloading.
INFO 2023-10-15 11:09:58,221 autoreload 1424 4216 Watching for file changes with StatReloader
INFO 2023-10-15 11:10:02,406 autoreload 1424 4216 C:\Users\User\Desktop\django_study\myfirstdjangoproject\myapp\urls.py changed, reloading.
INFO 2023-10-15 11:10:02,835 autoreload 14348 16908 Watching for file changes with StatReloader
INFO 2023-10-15 11:10:20,223 autoreload 14348 16908 C:\Users\User\Desktop\django_study\myfirstdjangoproject\myapp\urls.py changed, reloading.
INFO 2023-10-15 11:10:20,668 autoreload 3808 2032 Watching for file changes with StatReloader
INFO 2023-10-15 11:10:47,202 autoreload 3808 2032 C:\Users\User\Desktop\django_study\myfirstdjangoproject\myapp\urls.py changed, reloading.
INFO 2023-10-15 11:10:47,624 autoreload 9264 14372 Watching for file changes with StatReloader
INFO 2023-10-15 11:11:28,824 views 9264 2460 About me page accessed
INFO 2023-10-15 11:11:28,834 basehttp 9264 2460 "GET /prefix/about/ HTTP/1.1" 200 1085
WARNING 2023-10-15 11:11:28,860 basehttp 9264 2460 "GET /static/js/bootstrap.bundle.min.js HTTP/1.1" 404 1837
INFO 2023-10-15 11:11:29,769 views 9264 344 About me page accessed
INFO 2023-10-15 11:11:29,770 basehttp 9264 344 "GET /prefix/about/ HTTP/1.1" 200 1085
WARNING 2023-10-15 11:11:29,795 basehttp 9264 344 "GET /static/js/bootstrap.bundle.min.js HTTP/1.1" 404 1837
INFO 2023-10-15 11:11:30,129 views 9264 9796 About me page accessed
INFO 2023-10-15 11:11:30,129 basehttp 9264 9796 "GET /prefix/about/ HTTP/1.1" 200 1085
WARNING 2023-10-15 11:11:30,151 basehttp 9264 9796 "GET /static/js/bootstrap.bundle.min.js HTTP/1.1" 404 1837
INFO 2023-10-15 11:11:30,345 views 9264 13888 About me page accessed
INFO 2023-10-15 11:11:30,345 basehttp 9264 13888 "GET /prefix/about/ HTTP/1.1" 200 1085
WARNING 2023-10-15 11:11:30,366 basehttp 9264 13888 "GET /static/js/bootstrap.bundle.min.js HTTP/1.1" 404 1837
INFO 2023-10-15 11:11:49,314 views 9264 1712 About me page accessed
INFO 2023-10-15 11:11:49,322 basehttp 9264 1712 "GET /prefix/about/ HTTP/1.1" 200 1093
WARNING 2023-10-15 11:11:49,351 log 9264 1712 Not Found: /prefix/about/my_photo.jpg
WARNING 2023-10-15 11:11:49,351 basehttp 9264 12708 "GET /static/js/bootstrap.bundle.min.js HTTP/1.1" 404 1837
WARNING 2023-10-15 11:11:49,352 basehttp 9264 1712 "GET /prefix/about/my_photo.jpg HTTP/1.1" 404 2691
INFO 2023-10-15 11:11:50,141 views 9264 1712 About me page accessed
INFO 2023-10-15 11:11:50,142 basehttp 9264 1712 "GET /prefix/about/ HTTP/1.1" 200 1093
WARNING 2023-10-15 11:11:50,168 log 9264 1712 Not Found: /prefix/about/my_photo.jpg
WARNING 2023-10-15 11:11:50,168 basehttp 9264 9108 "GET /static/js/bootstrap.bundle.min.js HTTP/1.1" 404 1837
WARNING 2023-10-15 11:11:50,169 basehttp 9264 1712 "GET /prefix/about/my_photo.jpg HTTP/1.1" 404 2691
INFO 2023-10-15 11:12:25,424 views 9264 1712 About me page accessed
INFO 2023-10-15 11:12:25,431 basehttp 9264 1712 "GET /prefix/about/ HTTP/1.1" 200 1103
WARNING 2023-10-15 11:12:25,458 basehttp 9264 16832 "GET /static/js/bootstrap.bundle.min.js HTTP/1.1" 404 1837
INFO 2023-10-15 11:12:25,458 basehttp 9264 1712 "GET /prefix/about/my_photo HTTP/1.1" 301 0
ERROR 2023-10-15 11:12:25,499 log 9264 3936 Internal Server Error: /prefix/about/my_photo/
Traceback (most recent call last):
  File "C:\Users\User\Desktop\django_study\venv\Lib\site-packages\django\core\handlers\exception.py", line 55, in inner
    response = get_response(request)
               ^^^^^^^^^^^^^^^^^^^^^
  File "C:\Users\User\Desktop\django_study\venv\Lib\site-packages\django\core\handlers\base.py", line 197, in _get_response
    response = wrapped_callback(request, *callback_args, **callback_kwargs)
               ^^^^^^^^^^^^^^^^^^^^^^^^^^^^^^^^^^^^^^^^^^^^^^^^^^^^^^^^^^^^
  File "C:\Users\User\Desktop\django_study\myfirstdjangoproject\myapp\views.py", line 23, in my_photo
    return render(request, 'my_photo.jpg')
           ^^^^^^^^^^^^^^^^^^^^^^^^^^^^^^^
  File "C:\Users\User\Desktop\django_study\venv\Lib\site-packages\django\shortcuts.py", line 24, in render
    content = loader.render_to_string(template_name, context, request, using=using)
              ^^^^^^^^^^^^^^^^^^^^^^^^^^^^^^^^^^^^^^^^^^^^^^^^^^^^^^^^^^^^^^^^^^^^^
  File "C:\Users\User\Desktop\django_study\venv\Lib\site-packages\django\template\loader.py", line 61, in render_to_string
    template = get_template(template_name, using=using)
               ^^^^^^^^^^^^^^^^^^^^^^^^^^^^^^^^^^^^^^^^
  File "C:\Users\User\Desktop\django_study\venv\Lib\site-packages\django\template\loader.py", line 19, in get_template
    raise TemplateDoesNotExist(template_name, chain=chain)
django.template.exceptions.TemplateDoesNotExist: my_photo.jpg
ERROR 2023-10-15 11:12:25,501 basehttp 9264 3936 "GET /prefix/about/my_photo/ HTTP/1.1" 500 80434
INFO 2023-10-15 11:12:26,316 views 9264 3936 About me page accessed
INFO 2023-10-15 11:12:26,317 basehttp 9264 3936 "GET /prefix/about/ HTTP/1.1" 200 1103
WARNING 2023-10-15 11:12:26,348 basehttp 9264 3936 "GET /static/js/bootstrap.bundle.min.js HTTP/1.1" 404 1837
ERROR 2023-10-15 11:12:26,357 log 9264 17076 Internal Server Error: /prefix/about/my_photo/
Traceback (most recent call last):
  File "C:\Users\User\Desktop\django_study\venv\Lib\site-packages\django\core\handlers\exception.py", line 55, in inner
    response = get_response(request)
               ^^^^^^^^^^^^^^^^^^^^^
  File "C:\Users\User\Desktop\django_study\venv\Lib\site-packages\django\core\handlers\base.py", line 197, in _get_response
    response = wrapped_callback(request, *callback_args, **callback_kwargs)
               ^^^^^^^^^^^^^^^^^^^^^^^^^^^^^^^^^^^^^^^^^^^^^^^^^^^^^^^^^^^^
  File "C:\Users\User\Desktop\django_study\myfirstdjangoproject\myapp\views.py", line 23, in my_photo
    return render(request, 'my_photo.jpg')
           ^^^^^^^^^^^^^^^^^^^^^^^^^^^^^^^
  File "C:\Users\User\Desktop\django_study\venv\Lib\site-packages\django\shortcuts.py", line 24, in render
    content = loader.render_to_string(template_name, context, request, using=using)
              ^^^^^^^^^^^^^^^^^^^^^^^^^^^^^^^^^^^^^^^^^^^^^^^^^^^^^^^^^^^^^^^^^^^^^
  File "C:\Users\User\Desktop\django_study\venv\Lib\site-packages\django\template\loader.py", line 61, in render_to_string
    template = get_template(template_name, using=using)
               ^^^^^^^^^^^^^^^^^^^^^^^^^^^^^^^^^^^^^^^^
  File "C:\Users\User\Desktop\django_study\venv\Lib\site-packages\django\template\loader.py", line 19, in get_template
    raise TemplateDoesNotExist(template_name, chain=chain)
django.template.exceptions.TemplateDoesNotExist: my_photo.jpg
ERROR 2023-10-15 11:12:26,359 basehttp 9264 17076 "GET /prefix/about/my_photo/ HTTP/1.1" 500 80434
INFO 2023-10-15 11:12:50,273 autoreload 9264 14372 C:\Users\User\Desktop\django_study\myfirstdjangoproject\myapp\urls.py changed, reloading.
INFO 2023-10-15 11:12:50,741 autoreload 12876 9972 Watching for file changes with StatReloader
INFO 2023-10-15 11:12:55,066 autoreload 12876 9972 C:\Users\User\Desktop\django_study\myfirstdjangoproject\myapp\urls.py changed, reloading.
INFO 2023-10-15 11:12:55,518 autoreload 11152 16908 Watching for file changes with StatReloader
INFO 2023-10-15 11:15:15,227 autoreload 11152 16908 C:\Users\User\Desktop\django_study\myfirstdjangoproject\myapp\views.py changed, reloading.
INFO 2023-10-15 11:15:15,695 autoreload 9884 3676 Watching for file changes with StatReloader
INFO 2023-10-15 11:15:49,470 autoreload 9884 3676 C:\Users\User\Desktop\django_study\myfirstdjangoproject\myapp\urls.py changed, reloading.
INFO 2023-10-15 11:15:49,920 autoreload 15256 6800 Watching for file changes with StatReloader
INFO 2023-10-15 11:15:52,143 views 15256 6708 About me page accessed
INFO 2023-10-15 11:15:52,147 basehttp 15256 6708 "GET /prefix/about/ HTTP/1.1" 200 1103
WARNING 2023-10-15 11:15:52,180 log 15256 12952 Not Found: /prefix/about/my_photo/
WARNING 2023-10-15 11:15:52,180 basehttp 15256 6708 "GET /static/js/bootstrap.bundle.min.js HTTP/1.1" 404 1837
WARNING 2023-10-15 11:15:52,180 basehttp 15256 12952 "GET /prefix/about/my_photo/ HTTP/1.1" 404 2499
INFO 2023-10-15 11:15:53,433 views 15256 12952 About me page accessed
INFO 2023-10-15 11:15:53,434 basehttp 15256 12952 "GET /prefix/about/ HTTP/1.1" 200 1103
WARNING 2023-10-15 11:15:53,461 basehttp 15256 12952 "GET /static/js/bootstrap.bundle.min.js HTTP/1.1" 404 1837
WARNING 2023-10-15 11:15:53,462 log 15256 16280 Not Found: /prefix/about/my_photo/
WARNING 2023-10-15 11:15:53,463 basehttp 15256 16280 "GET /prefix/about/my_photo/ HTTP/1.1" 404 2499
INFO 2023-10-15 11:16:21,307 views 15256 16280 About me page accessed
INFO 2023-10-15 11:16:21,315 basehttp 15256 16280 "GET /prefix/about/ HTTP/1.1" 200 1089
WARNING 2023-10-15 11:16:21,354 log 15256 17284 Not Found: /prefix/about/my_photo/
WARNING 2023-10-15 11:16:21,355 basehttp 15256 16280 "GET /static/js/bootstrap.bundle.min.js HTTP/1.1" 404 1837
WARNING 2023-10-15 11:16:21,355 basehttp 15256 17284 "GET /prefix/about/my_photo/ HTTP/1.1" 404 2499
INFO 2023-10-15 11:16:53,421 autoreload 15256 6800 C:\Users\User\Desktop\django_study\myfirstdjangoproject\myapp\urls.py changed, reloading.
INFO 2023-10-15 11:16:53,872 autoreload 12088 16368 Watching for file changes with StatReloader
INFO 2023-10-15 11:16:58,161 autoreload 12088 16368 C:\Users\User\Desktop\django_study\myfirstdjangoproject\myapp\views.py changed, reloading.
INFO 2023-10-15 11:16:58,590 autoreload 16436 1632 Watching for file changes with StatReloader
INFO 2023-10-15 11:17:02,901 autoreload 16436 1632 C:\Users\User\Desktop\django_study\myfirstdjangoproject\myapp\views.py changed, reloading.
INFO 2023-10-15 11:17:03,361 autoreload 12148 8236 Watching for file changes with StatReloader
INFO 2023-10-15 11:17:04,638 autoreload 12148 8236 C:\Users\User\Desktop\django_study\myfirstdjangoproject\myapp\views.py changed, reloading.
INFO 2023-10-15 11:17:05,074 autoreload 9080 14344 Watching for file changes with StatReloader
INFO 2023-10-15 11:17:09,389 autoreload 9080 14344 C:\Users\User\Desktop\django_study\myfirstdjangoproject\myapp\views.py changed, reloading.
INFO 2023-10-15 11:17:09,837 autoreload 7392 10392 Watching for file changes with StatReloader
INFO 2023-10-15 11:17:11,102 autoreload 7392 10392 C:\Users\User\Desktop\django_study\myfirstdjangoproject\myapp\views.py changed, reloading.
INFO 2023-10-15 11:17:11,530 autoreload 14404 13496 Watching for file changes with StatReloader
INFO 2023-10-15 11:17:14,848 autoreload 14404 13496 C:\Users\User\Desktop\django_study\myfirstdjangoproject\myapp\views.py changed, reloading.
INFO 2023-10-15 11:17:15,275 autoreload 14016 16488 Watching for file changes with StatReloader
INFO 2023-10-15 11:17:18,570 autoreload 14016 16488 C:\Users\User\Desktop\django_study\myfirstdjangoproject\myapp\views.py changed, reloading.
INFO 2023-10-15 11:17:19,002 autoreload 7468 7724 Watching for file changes with StatReloader
INFO 2023-10-15 11:17:20,140 autoreload 7468 7724 C:\Users\User\Desktop\django_study\myfirstdjangoproject\myapp\views.py changed, reloading.
INFO 2023-10-15 11:17:20,576 autoreload 1300 1688 Watching for file changes with StatReloader
INFO 2023-10-15 11:17:21,704 autoreload 1300 1688 C:\Users\User\Desktop\django_study\myfirstdjangoproject\myapp\views.py changed, reloading.
INFO 2023-10-15 11:17:22,132 autoreload 15396 4272 Watching for file changes with StatReloader
INFO 2023-10-15 11:17:23,264 autoreload 15396 4272 C:\Users\User\Desktop\django_study\myfirstdjangoproject\myapp\views.py changed, reloading.
INFO 2023-10-15 11:17:23,692 autoreload 16712 8824 Watching for file changes with StatReloader
INFO 2023-10-15 11:17:27,879 autoreload 16712 8824 C:\Users\User\Desktop\django_study\myfirstdjangoproject\myapp\views.py changed, reloading.
INFO 2023-10-15 11:17:28,303 autoreload 16128 2476 Watching for file changes with StatReloader
INFO 2023-10-15 11:17:30,451 autoreload 16128 2476 C:\Users\User\Desktop\django_study\myfirstdjangoproject\myapp\views.py changed, reloading.
INFO 2023-10-15 11:17:30,883 autoreload 7496 1220 Watching for file changes with StatReloader
INFO 2023-10-15 11:17:36,085 autoreload 7496 1220 C:\Users\User\Desktop\django_study\myfirstdjangoproject\myapp\views.py changed, reloading.
INFO 2023-10-15 11:17:36,518 autoreload 14972 8420 Watching for file changes with StatReloader
INFO 2023-10-15 11:17:37,660 autoreload 14972 8420 C:\Users\User\Desktop\django_study\myfirstdjangoproject\myapp\views.py changed, reloading.
INFO 2023-10-15 11:17:38,111 autoreload 8468 1820 Watching for file changes with StatReloader
INFO 2023-10-15 11:23:09,104 autoreload 8468 1820 C:\Users\User\Desktop\django_study\myfirstdjangoproject\myfirstdjangoproject\settings.py changed, reloading.
INFO 2023-10-15 11:49:18,699 autoreload 10204 7772 Watching for file changes with StatReloader
INFO 2023-10-15 11:49:35,065 autoreload 10204 7772 C:\Users\User\Desktop\django_study\myfirstdjangoproject\myfirstdjangoproject\urls.py changed, reloading.
INFO 2023-10-15 11:49:35,526 autoreload 15900 7912 Watching for file changes with StatReloader
INFO 2023-10-15 11:49:38,044 views 15900 7496 About me page accessed
INFO 2023-10-15 11:49:38,055 basehttp 15900 7496 "GET /prefix/about/ HTTP/1.1" 200 1116
WARNING 2023-10-15 11:49:38,085 basehttp 15900 17292 "GET /static/js/bootstrap.bundle.min.js HTTP/1.1" 404 1837
WARNING 2023-10-15 11:49:38,087 basehttp 15900 7496 "GET /static/my_app/static/my_photo.jpg HTTP/1.1" 404 1837
INFO 2023-10-15 11:49:39,709 views 15900 11804 About me page accessed
INFO 2023-10-15 11:49:39,710 basehttp 15900 11804 "GET /prefix/about/ HTTP/1.1" 200 1116
WARNING 2023-10-15 11:49:39,738 basehttp 15900 11804 "GET /static/my_app/static/my_photo.jpg HTTP/1.1" 404 1837
WARNING 2023-10-15 11:49:39,738 basehttp 15900 9972 "GET /static/js/bootstrap.bundle.min.js HTTP/1.1" 404 1837
INFO 2023-10-15 11:50:18,386 views 15900 8436 About me page accessed
INFO 2023-10-15 11:50:18,387 basehttp 15900 8436 "GET /prefix/about/ HTTP/1.1" 200 1116
WARNING 2023-10-15 11:50:18,416 basehttp 15900 8436 "GET /static/my_app/static/my_photo.jpg HTTP/1.1" 404 1837
WARNING 2023-10-15 11:50:18,417 basehttp 15900 6624 "GET /static/js/bootstrap.bundle.min.js HTTP/1.1" 404 1837
INFO 2023-10-15 11:50:19,578 views 15900 14892 About me page accessed
INFO 2023-10-15 11:50:19,579 basehttp 15900 14892 "GET /prefix/about/ HTTP/1.1" 200 1116
WARNING 2023-10-15 11:50:19,617 basehttp 15900 908 "GET /static/js/bootstrap.bundle.min.js HTTP/1.1" 404 1837
WARNING 2023-10-15 11:50:19,618 basehttp 15900 14892 "GET /static/my_app/static/my_photo.jpg HTTP/1.1" 404 1837
INFO 2023-10-15 11:51:04,687 views 15900 7060 About me page accessed
INFO 2023-10-15 11:51:04,694 basehttp 15900 7060 "GET /prefix/about/ HTTP/1.1" 200 1102
WARNING 2023-10-15 11:51:04,722 basehttp 15900 7060 "GET /static/my_photo.jpg HTTP/1.1" 404 1795
WARNING 2023-10-15 11:51:04,723 basehttp 15900 17244 "GET /static/js/bootstrap.bundle.min.js HTTP/1.1" 404 1837
INFO 2023-10-15 11:51:06,321 views 15900 11192 About me page accessed
INFO 2023-10-15 11:51:06,322 basehttp 15900 11192 "GET /prefix/about/ HTTP/1.1" 200 1102
WARNING 2023-10-15 11:51:06,349 basehttp 15900 11192 "GET /static/my_photo.jpg HTTP/1.1" 404 1795
WARNING 2023-10-15 11:51:06,349 basehttp 15900 7952 "GET /static/js/bootstrap.bundle.min.js HTTP/1.1" 404 1837
INFO 2023-10-15 11:52:13,939 views 15900 14924 About me page accessed
INFO 2023-10-15 11:52:13,941 basehttp 15900 14924 "GET /prefix/about/ HTTP/1.1" 200 1102
WARNING 2023-10-15 11:52:13,971 basehttp 15900 4572 "GET /static/js/bootstrap.bundle.min.js HTTP/1.1" 404 1837
WARNING 2023-10-15 11:52:13,971 basehttp 15900 14924 "GET /static/my_photo.jpg HTTP/1.1" 404 1795
INFO 2023-10-15 11:52:14,812 views 15900 9884 About me page accessed
INFO 2023-10-15 11:52:14,814 basehttp 15900 9884 "GET /prefix/about/ HTTP/1.1" 200 1102
WARNING 2023-10-15 11:52:14,839 basehttp 15900 9884 "GET /static/my_photo.jpg HTTP/1.1" 404 1795
WARNING 2023-10-15 11:52:14,840 basehttp 15900 12880 "GET /static/js/bootstrap.bundle.min.js HTTP/1.1" 404 1837
INFO 2023-10-15 11:52:15,374 views 15900 2120 About me page accessed
INFO 2023-10-15 11:52:15,375 basehttp 15900 2120 "GET /prefix/about/ HTTP/1.1" 200 1102
WARNING 2023-10-15 11:52:15,400 basehttp 15900 2120 "GET /static/my_photo.jpg HTTP/1.1" 404 1795
WARNING 2023-10-15 11:52:15,401 basehttp 15900 8492 "GET /static/js/bootstrap.bundle.min.js HTTP/1.1" 404 1837
INFO 2023-10-15 11:52:15,591 views 15900 13072 About me page accessed
INFO 2023-10-15 11:52:15,592 basehttp 15900 13072 "GET /prefix/about/ HTTP/1.1" 200 1102
WARNING 2023-10-15 11:52:15,616 basehttp 15900 10436 "GET /static/js/bootstrap.bundle.min.js HTTP/1.1" 404 1837
WARNING 2023-10-15 11:52:15,616 basehttp 15900 13072 "GET /static/my_photo.jpg HTTP/1.1" 404 1795
INFO 2023-10-15 11:52:50,375 autoreload 15900 7912 C:\Users\User\Desktop\django_study\myfirstdjangoproject\myfirstdjangoproject\settings.py changed, reloading.
INFO 2023-10-15 11:52:50,835 autoreload 16040 9752 Watching for file changes with StatReloader
INFO 2023-10-15 11:52:51,032 views 16040 716 About me page accessed
INFO 2023-10-15 11:52:51,037 basehttp 16040 716 "GET /prefix/about/ HTTP/1.1" 200 1102
WARNING 2023-10-15 11:52:51,069 log 16040 716 Not Found: /static/my_photo.jpg
WARNING 2023-10-15 11:52:51,070 log 16040 9264 Not Found: /static/js/bootstrap.bundle.min.js
WARNING 2023-10-15 11:52:51,070 basehttp 16040 716 "GET /static/my_photo.jpg HTTP/1.1" 404 2255
WARNING 2023-10-15 11:52:51,070 basehttp 16040 9264 "GET /static/js/bootstrap.bundle.min.js HTTP/1.1" 404 2297
INFO 2023-10-15 11:52:53,173 views 16040 9264 About me page accessed
INFO 2023-10-15 11:52:53,174 basehttp 16040 9264 "GET /prefix/about/ HTTP/1.1" 200 1102
WARNING 2023-10-15 11:52:53,200 log 16040 716 Not Found: /static/js/bootstrap.bundle.min.js
WARNING 2023-10-15 11:52:53,201 log 16040 9264 Not Found: /static/my_photo.jpg
WARNING 2023-10-15 11:52:53,201 basehttp 16040 716 "GET /static/js/bootstrap.bundle.min.js HTTP/1.1" 404 2297
WARNING 2023-10-15 11:52:53,202 basehttp 16040 9264 "GET /static/my_photo.jpg HTTP/1.1" 404 2255
INFO 2023-10-15 11:56:31,724 views 16040 9264 About me page accessed
INFO 2023-10-15 11:56:31,725 basehttp 16040 9264 "GET /prefix/about/ HTTP/1.1" 200 1102
WARNING 2023-10-15 11:56:31,753 log 16040 9264 Not Found: /static/my_photo.jpg
WARNING 2023-10-15 11:56:31,753 log 16040 716 Not Found: /static/js/bootstrap.bundle.min.js
WARNING 2023-10-15 11:56:31,754 basehttp 16040 9264 "GET /static/my_photo.jpg HTTP/1.1" 404 2255
WARNING 2023-10-15 11:56:31,754 basehttp 16040 716 "GET /static/js/bootstrap.bundle.min.js HTTP/1.1" 404 2297
INFO 2023-10-15 11:57:08,825 views 16040 716 About me page accessed
INFO 2023-10-15 11:57:08,831 basehttp 16040 716 "GET /prefix/about/ HTTP/1.1" 200 1108
WARNING 2023-10-15 11:57:08,860 log 16040 716 Not Found: /static/myapp/my_photo.jpg
WARNING 2023-10-15 11:57:08,861 basehttp 16040 716 "GET /static/myapp/my_photo.jpg HTTP/1.1" 404 2273
WARNING 2023-10-15 11:57:08,862 log 16040 9264 Not Found: /static/js/bootstrap.bundle.min.js
WARNING 2023-10-15 11:57:08,862 basehttp 16040 9264 "GET /static/js/bootstrap.bundle.min.js HTTP/1.1" 404 2297
INFO 2023-10-15 11:57:30,797 views 16040 9264 About me page accessed
INFO 2023-10-15 11:57:30,798 basehttp 16040 9264 "GET /prefix/about/ HTTP/1.1" 200 1108
WARNING 2023-10-15 11:57:30,825 log 16040 9264 Not Found: /static/myapp/my_photo.jpg
WARNING 2023-10-15 11:57:30,826 log 16040 716 Not Found: /static/js/bootstrap.bundle.min.js
WARNING 2023-10-15 11:57:30,826 basehttp 16040 9264 "GET /static/myapp/my_photo.jpg HTTP/1.1" 404 2273
WARNING 2023-10-15 11:57:30,827 basehttp 16040 716 "GET /static/js/bootstrap.bundle.min.js HTTP/1.1" 404 2297
INFO 2023-10-15 11:57:49,216 views 16040 716 About me page accessed
INFO 2023-10-15 11:57:49,217 basehttp 16040 716 "GET /prefix/about/ HTTP/1.1" 200 1108
WARNING 2023-10-15 11:57:49,257 log 16040 9264 Not Found: /static/js/bootstrap.bundle.min.js
WARNING 2023-10-15 11:57:49,258 log 16040 716 Not Found: /static/myapp/my_photo.jpg
WARNING 2023-10-15 11:57:49,258 basehttp 16040 9264 "GET /static/js/bootstrap.bundle.min.js HTTP/1.1" 404 2297
WARNING 2023-10-15 11:57:49,259 basehttp 16040 716 "GET /static/myapp/my_photo.jpg HTTP/1.1" 404 2273
INFO 2023-10-15 11:58:19,984 autoreload 16040 9752 C:\Users\User\Desktop\django_study\myfirstdjangoproject\myfirstdjangoproject\settings.py changed, reloading.
INFO 2023-10-15 11:58:20,465 autoreload 16980 14588 Watching for file changes with StatReloader
INFO 2023-10-15 11:58:22,749 autoreload 16980 14588 C:\Users\User\Desktop\django_study\myfirstdjangoproject\myfirstdjangoproject\settings.py changed, reloading.
INFO 2023-10-15 11:58:23,181 autoreload 15720 6056 Watching for file changes with StatReloader
INFO 2023-10-15 11:58:27,780 views 15720 4236 About me page accessed
INFO 2023-10-15 11:58:27,785 basehttp 15720 4236 "GET /prefix/about/ HTTP/1.1" 200 1108
WARNING 2023-10-15 11:58:27,816 basehttp 15720 6976 "GET /static/js/bootstrap.bundle.min.js HTTP/1.1" 404 1837
INFO 2023-10-15 11:58:27,839 basehttp 15720 4236 "GET /static/myapp/my_photo.jpg HTTP/1.1" 200 127544
INFO 2023-10-15 11:59:06,179 views 15720 4236 About me page accessed
INFO 2023-10-15 11:59:06,185 basehttp 15720 4236 "GET /prefix/about/ HTTP/1.1" 200 1120
WARNING 2023-10-15 11:59:06,208 basehttp 15720 4236 "GET /static/js/bootstrap.bundle.min.js HTTP/1.1" 404 1837
INFO 2023-10-15 12:00:21,564 views 15720 17176 Index page accessed
INFO 2023-10-15 12:00:21,565 basehttp 15720 17176 "GET /prefix/ HTTP/1.1" 200 1004
WARNING 2023-10-15 12:00:21,586 basehttp 15720 17176 "GET /static/js/bootstrap.bundle.min.js HTTP/1.1" 404 1837
INFO 2023-10-15 12:13:02,524 views 15720 5924 Index page accessed
ERROR 2023-10-15 12:13:02,621 log 15720 5924 Internal Server Error: /prefix/
Traceback (most recent call last):
  File "C:\Users\User\Desktop\django_study\venv\Lib\site-packages\django\template\base.py", line 505, in parse
    compile_func = self.tags[command]
                   ~~~~~~~~~^^^^^^^^^
KeyError: 'static'

During handling of the above exception, another exception occurred:

Traceback (most recent call last):
  File "C:\Users\User\Desktop\django_study\venv\Lib\site-packages\django\core\handlers\exception.py", line 55, in inner
    response = get_response(request)
               ^^^^^^^^^^^^^^^^^^^^^
  File "C:\Users\User\Desktop\django_study\venv\Lib\site-packages\django\core\handlers\base.py", line 197, in _get_response
    response = wrapped_callback(request, *callback_args, **callback_kwargs)
               ^^^^^^^^^^^^^^^^^^^^^^^^^^^^^^^^^^^^^^^^^^^^^^^^^^^^^^^^^^^^
  File "C:\Users\User\Desktop\django_study\myfirstdjangoproject\myapp\views.py", line 15, in index
    return render(request, 'index.html')
           ^^^^^^^^^^^^^^^^^^^^^^^^^^^^^
  File "C:\Users\User\Desktop\django_study\venv\Lib\site-packages\django\shortcuts.py", line 24, in render
    content = loader.render_to_string(template_name, context, request, using=using)
              ^^^^^^^^^^^^^^^^^^^^^^^^^^^^^^^^^^^^^^^^^^^^^^^^^^^^^^^^^^^^^^^^^^^^^
  File "C:\Users\User\Desktop\django_study\venv\Lib\site-packages\django\template\loader.py", line 61, in render_to_string
    template = get_template(template_name, using=using)
               ^^^^^^^^^^^^^^^^^^^^^^^^^^^^^^^^^^^^^^^^
  File "C:\Users\User\Desktop\django_study\venv\Lib\site-packages\django\template\loader.py", line 15, in get_template
    return engine.get_template(template_name)
           ^^^^^^^^^^^^^^^^^^^^^^^^^^^^^^^^^^
  File "C:\Users\User\Desktop\django_study\venv\Lib\site-packages\django\template\backends\django.py", line 33, in get_template
    return Template(self.engine.get_template(template_name), self)
                    ^^^^^^^^^^^^^^^^^^^^^^^^^^^^^^^^^^^^^^^
  File "C:\Users\User\Desktop\django_study\venv\Lib\site-packages\django\template\engine.py", line 175, in get_template
    template, origin = self.find_template(template_name)
                       ^^^^^^^^^^^^^^^^^^^^^^^^^^^^^^^^^
  File "C:\Users\User\Desktop\django_study\venv\Lib\site-packages\django\template\engine.py", line 157, in find_template
    template = loader.get_template(name, skip=skip)
               ^^^^^^^^^^^^^^^^^^^^^^^^^^^^^^^^^^^^
  File "C:\Users\User\Desktop\django_study\venv\Lib\site-packages\django\template\loaders\cached.py", line 57, in get_template
    template = super().get_template(template_name, skip)
               ^^^^^^^^^^^^^^^^^^^^^^^^^^^^^^^^^^^^^^^^^
  File "C:\Users\User\Desktop\django_study\venv\Lib\site-packages\django\template\loaders\base.py", line 28, in get_template
    return Template(
           ^^^^^^^^^
  File "C:\Users\User\Desktop\django_study\venv\Lib\site-packages\django\template\base.py", line 154, in __init__
    self.nodelist = self.compile_nodelist()
                    ^^^^^^^^^^^^^^^^^^^^^^^
  File "C:\Users\User\Desktop\django_study\venv\Lib\site-packages\django\template\base.py", line 200, in compile_nodelist
    return parser.parse()
           ^^^^^^^^^^^^^^
  File "C:\Users\User\Desktop\django_study\venv\Lib\site-packages\django\template\base.py", line 513, in parse
    raise self.error(token, e)
  File "C:\Users\User\Desktop\django_study\venv\Lib\site-packages\django\template\base.py", line 511, in parse
    compiled_result = compile_func(self, token)
                      ^^^^^^^^^^^^^^^^^^^^^^^^^
  File "C:\Users\User\Desktop\django_study\venv\Lib\site-packages\django\template\loader_tags.py", line 293, in do_extends
    nodelist = parser.parse()
               ^^^^^^^^^^^^^^
  File "C:\Users\User\Desktop\django_study\venv\Lib\site-packages\django\template\base.py", line 513, in parse
    raise self.error(token, e)
  File "C:\Users\User\Desktop\django_study\venv\Lib\site-packages\django\template\base.py", line 511, in parse
    compiled_result = compile_func(self, token)
                      ^^^^^^^^^^^^^^^^^^^^^^^^^
  File "C:\Users\User\Desktop\django_study\venv\Lib\site-packages\django\template\loader_tags.py", line 232, in do_block
    nodelist = parser.parse(("endblock",))
               ^^^^^^^^^^^^^^^^^^^^^^^^^^^
  File "C:\Users\User\Desktop\django_study\venv\Lib\site-packages\django\template\base.py", line 507, in parse
    self.invalid_block_tag(token, command, parse_until)
  File "C:\Users\User\Desktop\django_study\venv\Lib\site-packages\django\template\base.py", line 558, in invalid_block_tag
    raise self.error(
django.template.exceptions.TemplateSyntaxError: Invalid block tag on line 10: 'static', expected 'endblock'. Did you forget to register or load this tag?
ERROR 2023-10-15 12:13:02,629 basehttp 15720 5924 "GET /prefix/ HTTP/1.1" 500 163767
INFO 2023-10-15 12:13:33,644 views 15720 5924 Index page accessed
INFO 2023-10-15 12:13:33,653 basehttp 15720 5924 "GET /prefix/ HTTP/1.1" 200 1105
WARNING 2023-10-15 12:13:33,679 basehttp 15720 16604 "GET /static/js/bootstrap.bundle.min.js HTTP/1.1" 404 1837
INFO 2023-10-15 12:13:33,709 basehttp 15720 5924 "GET /static/myapp/space.jpeg HTTP/1.1" 200 8563117
